Grammar

    0 $accept: document $end

    1 document: prolog element MiscList

    2 MiscList: Misc MiscList
    3         | /* empty */

    4 prolog: XmlDeclQM MiscList prologDecl

    5 XmlDeclQM: LTQMXML VERSIONINFO EncodingDeclQM SDDeclQM SQM QMGT
    6          | /* empty */

    7 EncodingDeclQM: ENCODINGDECL
    8               | /* empty */

    9 SDDeclQM: SDDECL
   10         | /* empty */

   11 prologDecl: doctypeDecl MiscList
   12           | /* empty */

   13 doctypeDecl: DOCTYPE S NAME ExternalIDQM IntSubsetQM GT

   14 ExternalIDQM: S EXTERNALID SQM
   15             | SQM

   16 SQM: S
   17    | /* empty */

   18 IntSubsetQM: LBRACKET IntSubset RBRACKET SQM
   19            | /* empty */

   20 IntSubset: IntSubset MarkupDecl
   21          | IntSubset DeclSep
   22          | /* empty */

   23 MarkupDecl: ElementDecl
   24           | AttlistDecl
   25           | EntityDecl
   26           | NotationDecl
   27           | PI
   28           | COMMENT

   29 ElementDecl: ELEMENTDECL S NAME S ContentSpec SQM GT

   30 ContentSpec: EMPTY
   31            | ANY
   32            | MIXED

   33 AttlistDecl: ATTLIST S NAME AttDefs GT

   34 AttDefs: AttDef AttDefs
   35        | SQM

   36 AttDef: S NAME S AttType S DEFAULTDECL

   37 AttType: STRINGTYPE
   38        | TOKENIZEDTYPE
   39        | EnumeratedType

   40 EnumeratedType: NOTATIONTYPE
   41               | ENUMERATION

   42 EntityDecl: GEDecl
   43           | PEDecl

   44 GEDecl: ENTITY S NAME S EntityDef SQM GT

   45 EntityDef: ENTITYVALUE
   46          | EXTERNALID NDATADECL
   47          | EXTERNALID

   48 PEDecl: ENTITY S PERCENT S NAME S PEDef SQM GT

   49 PEDef: ENTITYVALUE
   50      | EXTERNALID

   51 NotationDecl: NOTATION S NAME S EXTERNALID SQM GT
   52             | NOTATION S NAME S PUBLICID SQM GT

   53 DeclSep: PEREFERENCE
   54        | S

   55 Misc: COMMENT
   56     | PI
   57     | S

   58 element: STag content ETag
   59        | EmptyElemTag

   60 STag: LT NAME AttList GT

   61 AttList: S NAME EQ ATTVALUE AttList
   62        | S
   63        | /* empty */

   64 ETag: LTSLASH NAME GT

   65 content: content element
   66        | content REFERENCE
   67        | content CDSECT
   68        | content PI
   69        | content COMMENT
   70        | content CHARDATA
   71        | content S
   72        | /* empty */
   73        | content error

   74 EmptyElemTag: LT NAME AttList SLASHGT


Terminals, with rules where they appear

$end (0) 0
error (256) 73
NAME (258) 13 29 33 36 44 48 51 52 60 61 64 74
ATTVALUE (259) 61
REFERENCE (260) 66
CDSECT (261) 67
CHARDATA (262) 70
ENTITYVALUE (263) 45 49
LT (264) 60 74
GT (265) 13 29 33 44 48 51 52 60 64
LTSLASH (266) 64
SLASHGT (267) 74
PERCENT (268) 48
LTQMXML (269) 5
QMGT (270) 5
S (271) 13 14 16 29 33 36 44 48 51 52 54 57 61 62 71
PI (272) 27 56 68
EQ (273) 61
COMMENT (274) 28 55 69
DOCTYPE (275) 13
EXTERNALID (276) 14 46 47 50 51
LBRACKET (277) 18
RBRACKET (278) 18
PEREFERENCE (279) 53
ELEMENTDECL (280) 29
EMPTY (281) 30
ANY (282) 31
MIXED (283) 32
ATTLIST (284) 33
DEFAULTDECL (285) 36
STRINGTYPE (286) 37
TOKENIZEDTYPE (287) 38
NOTATIONTYPE (288) 40
ENUMERATION (289) 41
ENTITY (290) 44 48
NDATADECL (291) 46
NOTATION (292) 51 52
PUBLICID (293) 52
VERSIONINFO (294) 5
ENCODINGDECL (295) 7
SDDECL (296) 9


Nonterminals, with rules where they appear

$accept (42)
    on left: 0
document (43)
    on left: 1, on right: 0
MiscList (44)
    on left: 2 3, on right: 1 2 4 11
prolog (45)
    on left: 4, on right: 1
XmlDeclQM (46)
    on left: 5 6, on right: 4
EncodingDeclQM (47)
    on left: 7 8, on right: 5
SDDeclQM (48)
    on left: 9 10, on right: 5
prologDecl (49)
    on left: 11 12, on right: 4
doctypeDecl (50)
    on left: 13, on right: 11
ExternalIDQM (51)
    on left: 14 15, on right: 13
SQM (52)
    on left: 16 17, on right: 5 14 15 18 29 35 44 48 51 52
IntSubsetQM (53)
    on left: 18 19, on right: 13
IntSubset (54)
    on left: 20 21 22, on right: 18 20 21
MarkupDecl (55)
    on left: 23 24 25 26 27 28, on right: 20
ElementDecl (56)
    on left: 29, on right: 23
ContentSpec (57)
    on left: 30 31 32, on right: 29
AttlistDecl (58)
    on left: 33, on right: 24
AttDefs (59)
    on left: 34 35, on right: 33 34
AttDef (60)
    on left: 36, on right: 34
AttType (61)
    on left: 37 38 39, on right: 36
EnumeratedType (62)
    on left: 40 41, on right: 39
EntityDecl (63)
    on left: 42 43, on right: 25
GEDecl (64)
    on left: 44, on right: 42
EntityDef (65)
    on left: 45 46 47, on right: 44
PEDecl (66)
    on left: 48, on right: 43
PEDef (67)
    on left: 49 50, on right: 48
NotationDecl (68)
    on left: 51 52, on right: 26
DeclSep (69)
    on left: 53 54, on right: 21
Misc (70)
    on left: 55 56 57, on right: 2
element (71)
    on left: 58 59, on right: 1 65
STag (72)
    on left: 60, on right: 58
AttList (73)
    on left: 61 62 63, on right: 60 61 74
ETag (74)
    on left: 64, on right: 58
content (75)
    on left: 65 66 67 68 69 70 71 72 73, on right: 58 65 66 67 68 69
    70 71 73
EmptyElemTag (76)
    on left: 74, on right: 59


state 0

    0 $accept: . document $end

    LTQMXML  shift, and go to state 1

    $default  reduce using rule 6 (XmlDeclQM)

    document   go to state 2
    prolog     go to state 3
    XmlDeclQM  go to state 4


state 1

    5 XmlDeclQM: LTQMXML . VERSIONINFO EncodingDeclQM SDDeclQM SQM QMGT

    VERSIONINFO  shift, and go to state 5


state 2

    0 $accept: document . $end

    $end  shift, and go to state 6


state 3

    1 document: prolog . element MiscList

    LT  shift, and go to state 7

    element       go to state 8
    STag          go to state 9
    EmptyElemTag  go to state 10


state 4

    4 prolog: XmlDeclQM . MiscList prologDecl

    S        shift, and go to state 11
    PI       shift, and go to state 12
    COMMENT  shift, and go to state 13

    $default  reduce using rule 3 (MiscList)

    MiscList  go to state 14
    Misc      go to state 15


state 5

    5 XmlDeclQM: LTQMXML VERSIONINFO . EncodingDeclQM SDDeclQM SQM QMGT

    ENCODINGDECL  shift, and go to state 16

    $default  reduce using rule 8 (EncodingDeclQM)

    EncodingDeclQM  go to state 17


state 6

    0 $accept: document $end .

    $default  accept


state 7

   60 STag: LT . NAME AttList GT
   74 EmptyElemTag: LT . NAME AttList SLASHGT

    NAME  shift, and go to state 18


state 8

    1 document: prolog element . MiscList

    S        shift, and go to state 11
    PI       shift, and go to state 12
    COMMENT  shift, and go to state 13

    $default  reduce using rule 3 (MiscList)

    MiscList  go to state 19
    Misc      go to state 15


state 9

   58 element: STag . content ETag

    $default  reduce using rule 72 (content)

    content  go to state 20


state 10

   59 element: EmptyElemTag .

    $default  reduce using rule 59 (element)


state 11

   57 Misc: S .

    $default  reduce using rule 57 (Misc)


state 12

   56 Misc: PI .

    $default  reduce using rule 56 (Misc)


state 13

   55 Misc: COMMENT .

    $default  reduce using rule 55 (Misc)


state 14

    4 prolog: XmlDeclQM MiscList . prologDecl

    DOCTYPE  shift, and go to state 21

    $default  reduce using rule 12 (prologDecl)

    prologDecl   go to state 22
    doctypeDecl  go to state 23


state 15

    2 MiscList: Misc . MiscList

    S        shift, and go to state 11
    PI       shift, and go to state 12
    COMMENT  shift, and go to state 13

    $default  reduce using rule 3 (MiscList)

    MiscList  go to state 24
    Misc      go to state 15


state 16

    7 EncodingDeclQM: ENCODINGDECL .

    $default  reduce using rule 7 (EncodingDeclQM)


state 17

    5 XmlDeclQM: LTQMXML VERSIONINFO EncodingDeclQM . SDDeclQM SQM QMGT

    SDDECL  shift, and go to state 25

    $default  reduce using rule 10 (SDDeclQM)

    SDDeclQM  go to state 26


state 18

   60 STag: LT NAME . AttList GT
   74 EmptyElemTag: LT NAME . AttList SLASHGT

    S  shift, and go to state 27

    $default  reduce using rule 63 (AttList)

    AttList  go to state 28


state 19

    1 document: prolog element MiscList .

    $default  reduce using rule 1 (document)


state 20

   58 element: STag content . ETag
   65 content: content . element
   66        | content . REFERENCE
   67        | content . CDSECT
   68        | content . PI
   69        | content . COMMENT
   70        | content . CHARDATA
   71        | content . S
   73        | content . error

    error      shift, and go to state 29
    REFERENCE  shift, and go to state 30
    CDSECT     shift, and go to state 31
    CHARDATA   shift, and go to state 32
    LT         shift, and go to state 7
    LTSLASH    shift, and go to state 33
    S          shift, and go to state 34
    PI         shift, and go to state 35
    COMMENT    shift, and go to state 36

    element       go to state 37
    STag          go to state 9
    ETag          go to state 38
    EmptyElemTag  go to state 10


state 21

   13 doctypeDecl: DOCTYPE . S NAME ExternalIDQM IntSubsetQM GT

    S  shift, and go to state 39


state 22

    4 prolog: XmlDeclQM MiscList prologDecl .

    $default  reduce using rule 4 (prolog)


state 23

   11 prologDecl: doctypeDecl . MiscList

    S        shift, and go to state 11
    PI       shift, and go to state 12
    COMMENT  shift, and go to state 13

    $default  reduce using rule 3 (MiscList)

    MiscList  go to state 40
    Misc      go to state 15


state 24

    2 MiscList: Misc MiscList .

    $default  reduce using rule 2 (MiscList)


state 25

    9 SDDeclQM: SDDECL .

    $default  reduce using rule 9 (SDDeclQM)


state 26

    5 XmlDeclQM: LTQMXML VERSIONINFO EncodingDeclQM SDDeclQM . SQM QMGT

    S  shift, and go to state 41

    $default  reduce using rule 17 (SQM)

    SQM  go to state 42


state 27

   61 AttList: S . NAME EQ ATTVALUE AttList
   62        | S .

    NAME  shift, and go to state 43

    $default  reduce using rule 62 (AttList)


state 28

   60 STag: LT NAME AttList . GT
   74 EmptyElemTag: LT NAME AttList . SLASHGT

    GT       shift, and go to state 44
    SLASHGT  shift, and go to state 45


state 29

   73 content: content error .

    $default  reduce using rule 73 (content)


state 30

   66 content: content REFERENCE .

    $default  reduce using rule 66 (content)


state 31

   67 content: content CDSECT .

    $default  reduce using rule 67 (content)


state 32

   70 content: content CHARDATA .

    $default  reduce using rule 70 (content)


state 33

   64 ETag: LTSLASH . NAME GT

    NAME  shift, and go to state 46


state 34

   71 content: content S .

    $default  reduce using rule 71 (content)


state 35

   68 content: content PI .

    $default  reduce using rule 68 (content)


state 36

   69 content: content COMMENT .

    $default  reduce using rule 69 (content)


state 37

   65 content: content element .

    $default  reduce using rule 65 (content)


state 38

   58 element: STag content ETag .

    $default  reduce using rule 58 (element)


state 39

   13 doctypeDecl: DOCTYPE S . NAME ExternalIDQM IntSubsetQM GT

    NAME  shift, and go to state 47


state 40

   11 prologDecl: doctypeDecl MiscList .

    $default  reduce using rule 11 (prologDecl)


state 41

   16 SQM: S .

    $default  reduce using rule 16 (SQM)


state 42

    5 XmlDeclQM: LTQMXML VERSIONINFO EncodingDeclQM SDDeclQM SQM . QMGT

    QMGT  shift, and go to state 48


state 43

   61 AttList: S NAME . EQ ATTVALUE AttList

    EQ  shift, and go to state 49


state 44

   60 STag: LT NAME AttList GT .

    $default  reduce using rule 60 (STag)


state 45

   74 EmptyElemTag: LT NAME AttList SLASHGT .

    $default  reduce using rule 74 (EmptyElemTag)


state 46

   64 ETag: LTSLASH NAME . GT

    GT  shift, and go to state 50


state 47

   13 doctypeDecl: DOCTYPE S NAME . ExternalIDQM IntSubsetQM GT

    S  shift, and go to state 51

    $default  reduce using rule 17 (SQM)

    ExternalIDQM  go to state 52
    SQM           go to state 53


state 48

    5 XmlDeclQM: LTQMXML VERSIONINFO EncodingDeclQM SDDeclQM SQM QMGT .

    $default  reduce using rule 5 (XmlDeclQM)


state 49

   61 AttList: S NAME EQ . ATTVALUE AttList

    ATTVALUE  shift, and go to state 54


state 50

   64 ETag: LTSLASH NAME GT .

    $default  reduce using rule 64 (ETag)


state 51

   14 ExternalIDQM: S . EXTERNALID SQM
   16 SQM: S .

    EXTERNALID  shift, and go to state 55

    $default  reduce using rule 16 (SQM)


state 52

   13 doctypeDecl: DOCTYPE S NAME ExternalIDQM . IntSubsetQM GT

    LBRACKET  shift, and go to state 56

    $default  reduce using rule 19 (IntSubsetQM)

    IntSubsetQM  go to state 57


state 53

   15 ExternalIDQM: SQM .

    $default  reduce using rule 15 (ExternalIDQM)


state 54

   61 AttList: S NAME EQ ATTVALUE . AttList

    S  shift, and go to state 27

    $default  reduce using rule 63 (AttList)

    AttList  go to state 58


state 55

   14 ExternalIDQM: S EXTERNALID . SQM

    S  shift, and go to state 41

    $default  reduce using rule 17 (SQM)

    SQM  go to state 59


state 56

   18 IntSubsetQM: LBRACKET . IntSubset RBRACKET SQM

    $default  reduce using rule 22 (IntSubset)

    IntSubset  go to state 60


state 57

   13 doctypeDecl: DOCTYPE S NAME ExternalIDQM IntSubsetQM . GT

    GT  shift, and go to state 61


state 58

   61 AttList: S NAME EQ ATTVALUE AttList .

    $default  reduce using rule 61 (AttList)


state 59

   14 ExternalIDQM: S EXTERNALID SQM .

    $default  reduce using rule 14 (ExternalIDQM)


state 60

   18 IntSubsetQM: LBRACKET IntSubset . RBRACKET SQM
   20 IntSubset: IntSubset . MarkupDecl
   21          | IntSubset . DeclSep

    S            shift, and go to state 62
    PI           shift, and go to state 63
    COMMENT      shift, and go to state 64
    RBRACKET     shift, and go to state 65
    PEREFERENCE  shift, and go to state 66
    ELEMENTDECL  shift, and go to state 67
    ATTLIST      shift, and go to state 68
    ENTITY       shift, and go to state 69
    NOTATION     shift, and go to state 70

    MarkupDecl    go to state 71
    ElementDecl   go to state 72
    AttlistDecl   go to state 73
    EntityDecl    go to state 74
    GEDecl        go to state 75
    PEDecl        go to state 76
    NotationDecl  go to state 77
    DeclSep       go to state 78


state 61

   13 doctypeDecl: DOCTYPE S NAME ExternalIDQM IntSubsetQM GT .

    $default  reduce using rule 13 (doctypeDecl)


state 62

   54 DeclSep: S .

    $default  reduce using rule 54 (DeclSep)


state 63

   27 MarkupDecl: PI .

    $default  reduce using rule 27 (MarkupDecl)


state 64

   28 MarkupDecl: COMMENT .

    $default  reduce using rule 28 (MarkupDecl)


state 65

   18 IntSubsetQM: LBRACKET IntSubset RBRACKET . SQM

    S  shift, and go to state 41

    $default  reduce using rule 17 (SQM)

    SQM  go to state 79


state 66

   53 DeclSep: PEREFERENCE .

    $default  reduce using rule 53 (DeclSep)


state 67

   29 ElementDecl: ELEMENTDECL . S NAME S ContentSpec SQM GT

    S  shift, and go to state 80


state 68

   33 AttlistDecl: ATTLIST . S NAME AttDefs GT

    S  shift, and go to state 81


state 69

   44 GEDecl: ENTITY . S NAME S EntityDef SQM GT
   48 PEDecl: ENTITY . S PERCENT S NAME S PEDef SQM GT

    S  shift, and go to state 82


state 70

   51 NotationDecl: NOTATION . S NAME S EXTERNALID SQM GT
   52             | NOTATION . S NAME S PUBLICID SQM GT

    S  shift, and go to state 83


state 71

   20 IntSubset: IntSubset MarkupDecl .

    $default  reduce using rule 20 (IntSubset)


state 72

   23 MarkupDecl: ElementDecl .

    $default  reduce using rule 23 (MarkupDecl)


state 73

   24 MarkupDecl: AttlistDecl .

    $default  reduce using rule 24 (MarkupDecl)


state 74

   25 MarkupDecl: EntityDecl .

    $default  reduce using rule 25 (MarkupDecl)


state 75

   42 EntityDecl: GEDecl .

    $default  reduce using rule 42 (EntityDecl)


state 76

   43 EntityDecl: PEDecl .

    $default  reduce using rule 43 (EntityDecl)


state 77

   26 MarkupDecl: NotationDecl .

    $default  reduce using rule 26 (MarkupDecl)


state 78

   21 IntSubset: IntSubset DeclSep .

    $default  reduce using rule 21 (IntSubset)


state 79

   18 IntSubsetQM: LBRACKET IntSubset RBRACKET SQM .

    $default  reduce using rule 18 (IntSubsetQM)


state 80

   29 ElementDecl: ELEMENTDECL S . NAME S ContentSpec SQM GT

    NAME  shift, and go to state 84


state 81

   33 AttlistDecl: ATTLIST S . NAME AttDefs GT

    NAME  shift, and go to state 85


state 82

   44 GEDecl: ENTITY S . NAME S EntityDef SQM GT
   48 PEDecl: ENTITY S . PERCENT S NAME S PEDef SQM GT

    NAME     shift, and go to state 86
    PERCENT  shift, and go to state 87


state 83

   51 NotationDecl: NOTATION S . NAME S EXTERNALID SQM GT
   52             | NOTATION S . NAME S PUBLICID SQM GT

    NAME  shift, and go to state 88


state 84

   29 ElementDecl: ELEMENTDECL S NAME . S ContentSpec SQM GT

    S  shift, and go to state 89


state 85

   33 AttlistDecl: ATTLIST S NAME . AttDefs GT

    S  shift, and go to state 90

    $default  reduce using rule 17 (SQM)

    SQM      go to state 91
    AttDefs  go to state 92
    AttDef   go to state 93


state 86

   44 GEDecl: ENTITY S NAME . S EntityDef SQM GT

    S  shift, and go to state 94


state 87

   48 PEDecl: ENTITY S PERCENT . S NAME S PEDef SQM GT

    S  shift, and go to state 95


state 88

   51 NotationDecl: NOTATION S NAME . S EXTERNALID SQM GT
   52             | NOTATION S NAME . S PUBLICID SQM GT

    S  shift, and go to state 96


state 89

   29 ElementDecl: ELEMENTDECL S NAME S . ContentSpec SQM GT

    EMPTY  shift, and go to state 97
    ANY    shift, and go to state 98
    MIXED  shift, and go to state 99

    ContentSpec  go to state 100


state 90

   16 SQM: S .
   36 AttDef: S . NAME S AttType S DEFAULTDECL

    NAME  shift, and go to state 101

    $default  reduce using rule 16 (SQM)


state 91

   35 AttDefs: SQM .

    $default  reduce using rule 35 (AttDefs)


state 92

   33 AttlistDecl: ATTLIST S NAME AttDefs . GT

    GT  shift, and go to state 102


state 93

   34 AttDefs: AttDef . AttDefs

    S  shift, and go to state 90

    $default  reduce using rule 17 (SQM)

    SQM      go to state 91
    AttDefs  go to state 103
    AttDef   go to state 93


state 94

   44 GEDecl: ENTITY S NAME S . EntityDef SQM GT

    ENTITYVALUE  shift, and go to state 104
    EXTERNALID   shift, and go to state 105

    EntityDef  go to state 106


state 95

   48 PEDecl: ENTITY S PERCENT S . NAME S PEDef SQM GT

    NAME  shift, and go to state 107


state 96

   51 NotationDecl: NOTATION S NAME S . EXTERNALID SQM GT
   52             | NOTATION S NAME S . PUBLICID SQM GT

    EXTERNALID  shift, and go to state 108
    PUBLICID    shift, and go to state 109


state 97

   30 ContentSpec: EMPTY .

    $default  reduce using rule 30 (ContentSpec)


state 98

   31 ContentSpec: ANY .

    $default  reduce using rule 31 (ContentSpec)


state 99

   32 ContentSpec: MIXED .

    $default  reduce using rule 32 (ContentSpec)


state 100

   29 ElementDecl: ELEMENTDECL S NAME S ContentSpec . SQM GT

    S  shift, and go to state 41

    $default  reduce using rule 17 (SQM)

    SQM  go to state 110


state 101

   36 AttDef: S NAME . S AttType S DEFAULTDECL

    S  shift, and go to state 111


state 102

   33 AttlistDecl: ATTLIST S NAME AttDefs GT .

    $default  reduce using rule 33 (AttlistDecl)


state 103

   34 AttDefs: AttDef AttDefs .

    $default  reduce using rule 34 (AttDefs)


state 104

   45 EntityDef: ENTITYVALUE .

    $default  reduce using rule 45 (EntityDef)


state 105

   46 EntityDef: EXTERNALID . NDATADECL
   47          | EXTERNALID .

    NDATADECL  shift, and go to state 112

    $default  reduce using rule 47 (EntityDef)


state 106

   44 GEDecl: ENTITY S NAME S EntityDef . SQM GT

    S  shift, and go to state 41

    $default  reduce using rule 17 (SQM)

    SQM  go to state 113


state 107

   48 PEDecl: ENTITY S PERCENT S NAME . S PEDef SQM GT

    S  shift, and go to state 114


state 108

   51 NotationDecl: NOTATION S NAME S EXTERNALID . SQM GT

    S  shift, and go to state 41

    $default  reduce using rule 17 (SQM)

    SQM  go to state 115


state 109

   52 NotationDecl: NOTATION S NAME S PUBLICID . SQM GT

    S  shift, and go to state 41

    $default  reduce using rule 17 (SQM)

    SQM  go to state 116


state 110

   29 ElementDecl: ELEMENTDECL S NAME S ContentSpec SQM . GT

    GT  shift, and go to state 117


state 111

   36 AttDef: S NAME S . AttType S DEFAULTDECL

    STRINGTYPE     shift, and go to state 118
    TOKENIZEDTYPE  shift, and go to state 119
    NOTATIONTYPE   shift, and go to state 120
    ENUMERATION    shift, and go to state 121

    AttType         go to state 122
    EnumeratedType  go to state 123


state 112

   46 EntityDef: EXTERNALID NDATADECL .

    $default  reduce using rule 46 (EntityDef)


state 113

   44 GEDecl: ENTITY S NAME S EntityDef SQM . GT

    GT  shift, and go to state 124


state 114

   48 PEDecl: ENTITY S PERCENT S NAME S . PEDef SQM GT

    ENTITYVALUE  shift, and go to state 125
    EXTERNALID   shift, and go to state 126

    PEDef  go to state 127


state 115

   51 NotationDecl: NOTATION S NAME S EXTERNALID SQM . GT

    GT  shift, and go to state 128


state 116

   52 NotationDecl: NOTATION S NAME S PUBLICID SQM . GT

    GT  shift, and go to state 129


state 117

   29 ElementDecl: ELEMENTDECL S NAME S ContentSpec SQM GT .

    $default  reduce using rule 29 (ElementDecl)


state 118

   37 AttType: STRINGTYPE .

    $default  reduce using rule 37 (AttType)


state 119

   38 AttType: TOKENIZEDTYPE .

    $default  reduce using rule 38 (AttType)


state 120

   40 EnumeratedType: NOTATIONTYPE .

    $default  reduce using rule 40 (EnumeratedType)


state 121

   41 EnumeratedType: ENUMERATION .

    $default  reduce using rule 41 (EnumeratedType)


state 122

   36 AttDef: S NAME S AttType . S DEFAULTDECL

    S  shift, and go to state 130


state 123

   39 AttType: EnumeratedType .

    $default  reduce using rule 39 (AttType)


state 124

   44 GEDecl: ENTITY S NAME S EntityDef SQM GT .

    $default  reduce using rule 44 (GEDecl)


state 125

   49 PEDef: ENTITYVALUE .

    $default  reduce using rule 49 (PEDef)


state 126

   50 PEDef: EXTERNALID .

    $default  reduce using rule 50 (PEDef)


state 127

   48 PEDecl: ENTITY S PERCENT S NAME S PEDef . SQM GT

    S  shift, and go to state 41

    $default  reduce using rule 17 (SQM)

    SQM  go to state 131


state 128

   51 NotationDecl: NOTATION S NAME S EXTERNALID SQM GT .

    $default  reduce using rule 51 (NotationDecl)


state 129

   52 NotationDecl: NOTATION S NAME S PUBLICID SQM GT .

    $default  reduce using rule 52 (NotationDecl)


state 130

   36 AttDef: S NAME S AttType S . DEFAULTDECL

    DEFAULTDECL  shift, and go to state 132


state 131

   48 PEDecl: ENTITY S PERCENT S NAME S PEDef SQM . GT

    GT  shift, and go to state 133


state 132

   36 AttDef: S NAME S AttType S DEFAULTDECL .

    $default  reduce using rule 36 (AttDef)


state 133

   48 PEDecl: ENTITY S PERCENT S NAME S PEDef SQM GT .

    $default  reduce using rule 48 (PEDecl)
