

Terminals which are not used:

   PARENTHESIS


Conflict in state 40 between rule 23 and token AND resolved as reduce.
Conflict in state 40 between rule 23 and token OR resolved as reduce.
Conflict in state 40 between rule 23 and token LT resolved as reduce.
Conflict in state 40 between rule 23 and token GT resolved as reduce.
Conflict in state 40 between rule 23 and token LE resolved as reduce.
Conflict in state 40 between rule 23 and token GE resolved as reduce.
Conflict in state 40 between rule 23 and token EQ resolved as reduce.
Conflict in state 40 between rule 23 and token NE resolved as reduce.
Conflict in state 40 between rule 23 and token '+' resolved as reduce.
Conflict in state 40 between rule 23 and token '-' resolved as reduce.
Conflict in state 40 between rule 23 and token '*' resolved as reduce.
Conflict in state 40 between rule 23 and token '/' resolved as reduce.
Conflict in state 40 between rule 23 and token '%' resolved as reduce.
Conflict in state 48 between rule 22 and token AND resolved as reduce.
Conflict in state 48 between rule 22 and token OR resolved as reduce.
Conflict in state 48 between rule 22 and token LT resolved as reduce.
Conflict in state 48 between rule 22 and token GT resolved as reduce.
Conflict in state 48 between rule 22 and token LE resolved as reduce.
Conflict in state 48 between rule 22 and token GE resolved as reduce.
Conflict in state 48 between rule 22 and token EQ resolved as reduce.
Conflict in state 48 between rule 22 and token NE resolved as reduce.
Conflict in state 48 between rule 22 and token '+' resolved as reduce.
Conflict in state 48 between rule 22 and token '-' resolved as reduce.
Conflict in state 48 between rule 22 and token '*' resolved as reduce.
Conflict in state 48 between rule 22 and token '/' resolved as reduce.
Conflict in state 48 between rule 22 and token '%' resolved as reduce.
Conflict in state 74 between rule 15 and token AND resolved as reduce.
Conflict in state 74 between rule 15 and token OR resolved as reduce.
Conflict in state 74 between rule 15 and token LT resolved as shift.
Conflict in state 74 between rule 15 and token GT resolved as shift.
Conflict in state 74 between rule 15 and token LE resolved as shift.
Conflict in state 74 between rule 15 and token GE resolved as shift.
Conflict in state 74 between rule 15 and token EQ resolved as shift.
Conflict in state 74 between rule 15 and token NE resolved as shift.
Conflict in state 74 between rule 15 and token '+' resolved as shift.
Conflict in state 74 between rule 15 and token '-' resolved as shift.
Conflict in state 74 between rule 15 and token '*' resolved as shift.
Conflict in state 74 between rule 15 and token '/' resolved as shift.
Conflict in state 74 between rule 15 and token '%' resolved as shift.
Conflict in state 75 between rule 16 and token AND resolved as shift.
Conflict in state 75 between rule 16 and token OR resolved as reduce.
Conflict in state 75 between rule 16 and token LT resolved as shift.
Conflict in state 75 between rule 16 and token GT resolved as shift.
Conflict in state 75 between rule 16 and token LE resolved as shift.
Conflict in state 75 between rule 16 and token GE resolved as shift.
Conflict in state 75 between rule 16 and token EQ resolved as shift.
Conflict in state 75 between rule 16 and token NE resolved as shift.
Conflict in state 75 between rule 16 and token '+' resolved as shift.
Conflict in state 75 between rule 16 and token '-' resolved as shift.
Conflict in state 75 between rule 16 and token '*' resolved as shift.
Conflict in state 75 between rule 16 and token '/' resolved as shift.
Conflict in state 75 between rule 16 and token '%' resolved as shift.
Conflict in state 76 between rule 10 and token AND resolved as reduce.
Conflict in state 76 between rule 10 and token OR resolved as reduce.
Conflict in state 76 between rule 10 and token LT resolved as reduce.
Conflict in state 76 between rule 10 and token GT resolved as reduce.
Conflict in state 76 between rule 10 and token LE resolved as reduce.
Conflict in state 76 between rule 10 and token GE resolved as reduce.
Conflict in state 76 between rule 10 and token EQ resolved as reduce.
Conflict in state 76 between rule 10 and token NE resolved as reduce.
Conflict in state 76 between rule 10 and token '+' resolved as shift.
Conflict in state 76 between rule 10 and token '-' resolved as shift.
Conflict in state 76 between rule 10 and token '*' resolved as shift.
Conflict in state 76 between rule 10 and token '/' resolved as shift.
Conflict in state 76 between rule 10 and token '%' resolved as shift.
Conflict in state 77 between rule 9 and token AND resolved as reduce.
Conflict in state 77 between rule 9 and token OR resolved as reduce.
Conflict in state 77 between rule 9 and token LT resolved as reduce.
Conflict in state 77 between rule 9 and token GT resolved as reduce.
Conflict in state 77 between rule 9 and token LE resolved as reduce.
Conflict in state 77 between rule 9 and token GE resolved as reduce.
Conflict in state 77 between rule 9 and token EQ resolved as reduce.
Conflict in state 77 between rule 9 and token NE resolved as reduce.
Conflict in state 77 between rule 9 and token '+' resolved as shift.
Conflict in state 77 between rule 9 and token '-' resolved as shift.
Conflict in state 77 between rule 9 and token '*' resolved as shift.
Conflict in state 77 between rule 9 and token '/' resolved as shift.
Conflict in state 77 between rule 9 and token '%' resolved as shift.
Conflict in state 78 between rule 12 and token AND resolved as reduce.
Conflict in state 78 between rule 12 and token OR resolved as reduce.
Conflict in state 78 between rule 12 and token LT resolved as reduce.
Conflict in state 78 between rule 12 and token GT resolved as reduce.
Conflict in state 78 between rule 12 and token LE resolved as reduce.
Conflict in state 78 between rule 12 and token GE resolved as reduce.
Conflict in state 78 between rule 12 and token EQ resolved as reduce.
Conflict in state 78 between rule 12 and token NE resolved as reduce.
Conflict in state 78 between rule 12 and token '+' resolved as shift.
Conflict in state 78 between rule 12 and token '-' resolved as shift.
Conflict in state 78 between rule 12 and token '*' resolved as shift.
Conflict in state 78 between rule 12 and token '/' resolved as shift.
Conflict in state 78 between rule 12 and token '%' resolved as shift.
Conflict in state 79 between rule 11 and token AND resolved as reduce.
Conflict in state 79 between rule 11 and token OR resolved as reduce.
Conflict in state 79 between rule 11 and token LT resolved as reduce.
Conflict in state 79 between rule 11 and token GT resolved as reduce.
Conflict in state 79 between rule 11 and token LE resolved as reduce.
Conflict in state 79 between rule 11 and token GE resolved as reduce.
Conflict in state 79 between rule 11 and token EQ resolved as reduce.
Conflict in state 79 between rule 11 and token NE resolved as reduce.
Conflict in state 79 between rule 11 and token '+' resolved as shift.
Conflict in state 79 between rule 11 and token '-' resolved as shift.
Conflict in state 79 between rule 11 and token '*' resolved as shift.
Conflict in state 79 between rule 11 and token '/' resolved as shift.
Conflict in state 79 between rule 11 and token '%' resolved as shift.
Conflict in state 80 between rule 13 and token AND resolved as reduce.
Conflict in state 80 between rule 13 and token OR resolved as reduce.
Conflict in state 80 between rule 13 and token LT resolved as shift.
Conflict in state 80 between rule 13 and token GT resolved as shift.
Conflict in state 80 between rule 13 and token LE resolved as shift.
Conflict in state 80 between rule 13 and token GE resolved as shift.
Conflict in state 80 between rule 13 and token EQ resolved as reduce.
Conflict in state 80 between rule 13 and token NE resolved as reduce.
Conflict in state 80 between rule 13 and token '+' resolved as shift.
Conflict in state 80 between rule 13 and token '-' resolved as shift.
Conflict in state 80 between rule 13 and token '*' resolved as shift.
Conflict in state 80 between rule 13 and token '/' resolved as shift.
Conflict in state 80 between rule 13 and token '%' resolved as shift.
Conflict in state 81 between rule 14 and token AND resolved as reduce.
Conflict in state 81 between rule 14 and token OR resolved as reduce.
Conflict in state 81 between rule 14 and token LT resolved as shift.
Conflict in state 81 between rule 14 and token GT resolved as shift.
Conflict in state 81 between rule 14 and token LE resolved as shift.
Conflict in state 81 between rule 14 and token GE resolved as shift.
Conflict in state 81 between rule 14 and token EQ resolved as reduce.
Conflict in state 81 between rule 14 and token NE resolved as reduce.
Conflict in state 81 between rule 14 and token '+' resolved as shift.
Conflict in state 81 between rule 14 and token '-' resolved as shift.
Conflict in state 81 between rule 14 and token '*' resolved as shift.
Conflict in state 81 between rule 14 and token '/' resolved as shift.
Conflict in state 81 between rule 14 and token '%' resolved as shift.
Conflict in state 82 between rule 17 and token AND resolved as reduce.
Conflict in state 82 between rule 17 and token OR resolved as reduce.
Conflict in state 82 between rule 17 and token LT resolved as reduce.
Conflict in state 82 between rule 17 and token GT resolved as reduce.
Conflict in state 82 between rule 17 and token LE resolved as reduce.
Conflict in state 82 between rule 17 and token GE resolved as reduce.
Conflict in state 82 between rule 17 and token EQ resolved as reduce.
Conflict in state 82 between rule 17 and token NE resolved as reduce.
Conflict in state 82 between rule 17 and token '+' resolved as reduce.
Conflict in state 82 between rule 17 and token '-' resolved as reduce.
Conflict in state 82 between rule 17 and token '*' resolved as shift.
Conflict in state 82 between rule 17 and token '/' resolved as shift.
Conflict in state 82 between rule 17 and token '%' resolved as shift.
Conflict in state 83 between rule 18 and token AND resolved as reduce.
Conflict in state 83 between rule 18 and token OR resolved as reduce.
Conflict in state 83 between rule 18 and token LT resolved as reduce.
Conflict in state 83 between rule 18 and token GT resolved as reduce.
Conflict in state 83 between rule 18 and token LE resolved as reduce.
Conflict in state 83 between rule 18 and token GE resolved as reduce.
Conflict in state 83 between rule 18 and token EQ resolved as reduce.
Conflict in state 83 between rule 18 and token NE resolved as reduce.
Conflict in state 83 between rule 18 and token '+' resolved as reduce.
Conflict in state 83 between rule 18 and token '-' resolved as reduce.
Conflict in state 83 between rule 18 and token '*' resolved as shift.
Conflict in state 83 between rule 18 and token '/' resolved as shift.
Conflict in state 83 between rule 18 and token '%' resolved as shift.
Conflict in state 84 between rule 20 and token AND resolved as reduce.
Conflict in state 84 between rule 20 and token OR resolved as reduce.
Conflict in state 84 between rule 20 and token LT resolved as reduce.
Conflict in state 84 between rule 20 and token GT resolved as reduce.
Conflict in state 84 between rule 20 and token LE resolved as reduce.
Conflict in state 84 between rule 20 and token GE resolved as reduce.
Conflict in state 84 between rule 20 and token EQ resolved as reduce.
Conflict in state 84 between rule 20 and token NE resolved as reduce.
Conflict in state 84 between rule 20 and token '+' resolved as reduce.
Conflict in state 84 between rule 20 and token '-' resolved as reduce.
Conflict in state 84 between rule 20 and token '*' resolved as reduce.
Conflict in state 84 between rule 20 and token '/' resolved as reduce.
Conflict in state 84 between rule 20 and token '%' resolved as reduce.
Conflict in state 85 between rule 19 and token AND resolved as reduce.
Conflict in state 85 between rule 19 and token OR resolved as reduce.
Conflict in state 85 between rule 19 and token LT resolved as reduce.
Conflict in state 85 between rule 19 and token GT resolved as reduce.
Conflict in state 85 between rule 19 and token LE resolved as reduce.
Conflict in state 85 between rule 19 and token GE resolved as reduce.
Conflict in state 85 between rule 19 and token EQ resolved as reduce.
Conflict in state 85 between rule 19 and token NE resolved as reduce.
Conflict in state 85 between rule 19 and token '+' resolved as reduce.
Conflict in state 85 between rule 19 and token '-' resolved as reduce.
Conflict in state 85 between rule 19 and token '*' resolved as reduce.
Conflict in state 85 between rule 19 and token '/' resolved as reduce.
Conflict in state 85 between rule 19 and token '%' resolved as reduce.
Conflict in state 86 between rule 21 and token AND resolved as reduce.
Conflict in state 86 between rule 21 and token OR resolved as reduce.
Conflict in state 86 between rule 21 and token LT resolved as reduce.
Conflict in state 86 between rule 21 and token GT resolved as reduce.
Conflict in state 86 between rule 21 and token LE resolved as reduce.
Conflict in state 86 between rule 21 and token GE resolved as reduce.
Conflict in state 86 between rule 21 and token EQ resolved as reduce.
Conflict in state 86 between rule 21 and token NE resolved as reduce.
Conflict in state 86 between rule 21 and token '+' resolved as reduce.
Conflict in state 86 between rule 21 and token '-' resolved as reduce.
Conflict in state 86 between rule 21 and token '*' resolved as reduce.
Conflict in state 86 between rule 21 and token '/' resolved as reduce.
Conflict in state 86 between rule 21 and token '%' resolved as reduce.

Grammar
rule 1    DebugExpression -> Expression
rule 2    DebugExpression -> Assign
rule 3    DebugExpression -> NewMonitor
rule 4    DebugExpression -> DeleteMonitor
rule 5    Expression -> RelationalExpression
rule 6    Expression -> BooleanExpression
rule 7    Expression -> ArithmeticExpression
rule 8    Expression -> Term
rule 9    RelationalExpression -> Expression GT Expression
rule 10   RelationalExpression -> Expression LT Expression
rule 11   RelationalExpression -> Expression GE Expression
rule 12   RelationalExpression -> Expression LE Expression
rule 13   RelationalExpression -> Expression EQ Expression
rule 14   RelationalExpression -> Expression NE Expression
rule 15   BooleanExpression -> Expression AND Expression
rule 16   BooleanExpression -> Expression OR Expression
rule 17   ArithmeticExpression -> Expression '+' Expression
rule 18   ArithmeticExpression -> Expression '-' Expression
rule 19   ArithmeticExpression -> Expression '/' Expression
rule 20   ArithmeticExpression -> Expression '*' Expression
rule 21   ArithmeticExpression -> Expression '%' Expression
rule 22   Term -> '-' Expression
rule 23   Term -> NOT Expression
rule 24   Term -> '(' Expression ')'
rule 25   Term -> Primary
rule 26   ExpressionList -> Expression
rule 27   ExpressionList -> ExpressionList ',' Expression
rule 28   FunctionCall -> RESERVEDATTR '(' ExpressionList ')'
rule 29   Primary -> Lvalue
rule 30   Primary -> ConstValue
rule 31   Primary -> FunctionCall
rule 32   ConstValue -> REAL_CONST
rule 33   ConstValue -> INT_CONST
rule 34   ConstValue -> HEXINT_CONST
rule 35   ConstValue -> STRING_CONST
rule 36   ConstValue -> NIL
rule 37   ConstValue -> TRUE
rule 38   ConstValue -> FALSE
rule 39   Name -> IDENT
rule 40   Name -> Name FUNCRES IDENT
rule 41   LvalueForAssign -> FORMAL DOT IDENT
rule 42   LvalueForAssign -> LOCAL IDENT
rule 43   LvalueForAssign -> FUNCRES IDENT
rule 44   LvalueForAssign -> STATIC DOT Name
rule 45   Assign -> LvalueForAssign '=' Expression
rule 46   Lvalue -> Name
rule 47   Lvalue -> LvalueForAssign
rule 48   Lvalue -> TableContent
rule 49   Lvalue -> MONITOR
rule 50   Lvalue -> ATTRIBUTE
rule 51   Lvalue -> LAMBDA
rule 52   Table -> Lvalue
rule 53   Table -> FunctionCall
rule 54   DotIdent -> IDENT
rule 55   DotIdent -> ATTRIBUTE
rule 56   TableContent -> Table DOT DotIdent
rule 57   TableContent -> Table DOUBLE_DOT DotIdent
rule 58   TableContent -> Table SINGLE_LEFT_SB Expression SINGLE_RIGHT_SB
rule 59   TableContent -> Table DOUBLE_LEFT_SB Expression DOUBLE_RIGHT_SB
rule 60   TableContent -> Table DOT RESERVEDATTR
rule 61   NewMonitor -> NEW MONITOR '=' Expression
rule 62   DeleteMonitor -> DELETE MONITOR

Terminals, with rules where they appear

$ (-1)
'%' (37) 21
'(' (40) 24 28
')' (41) 24 28
'*' (42) 20
'+' (43) 17
',' (44) 27
'-' (45) 18 22
'/' (47) 19
'=' (61) 45 61
error (256)
IDENT (258) 39 40 41 42 43 54
RESERVEDATTR (259) 28 60
MONITOR (260) 49 61 62
ATTRIBUTE (261) 50 55
REAL_CONST (262) 32
INT_CONST (263) 33
HEXINT_CONST (264) 34
STRING_CONST (265) 35
STATIC (266) 44
AND (267) 15
NOT (268) 23
OR (269) 16
UMINUS (270)
TRUE (271) 37
FALSE (272) 38
FUNCRES (273) 40 43
NEW (274) 61
SINGLE_RIGHT_SB (275) 58
SINGLE_LEFT_SB (276) 58
FORMAL (277) 41
DELETE (278) 62
NIL (279) 36
LOCAL (280) 42
LT (281) 10
GT (282) 9
LE (283) 12
GE (284) 11
EQ (285) 13
NE (286) 14
DOT (287) 41 44 56 60
DOUBLE_DOT (288) 57
DOUBLE_LEFT_SB (289) 59
DOUBLE_RIGHT_SB (290) 59
PARENTHESIS (291)
SQUARE_BRACKETS (292)
LAMBDA (293) 51

Nonterminals, with rules where they appear

DebugExpression (48)
    on left: 1 2 3 4
Expression (49)
    on left: 5 6 7 8, on right: 1 9 10 11 12 13 14 15 16 17 18 19 20
    21 22 23 24 26 27 45 58 59 61
RelationalExpression (50)
    on left: 9 10 11 12 13 14, on right: 5
BooleanExpression (51)
    on left: 15 16, on right: 6
ArithmeticExpression (52)
    on left: 17 18 19 20 21, on right: 7
Term (53)
    on left: 22 23 24 25, on right: 8
ExpressionList (54)
    on left: 26 27, on right: 27 28
FunctionCall (55)
    on left: 28, on right: 31 53
Primary (56)
    on left: 29 30 31, on right: 25
ConstValue (57)
    on left: 32 33 34 35 36 37 38, on right: 30
Name (58)
    on left: 39 40, on right: 40 44 46
LvalueForAssign (59)
    on left: 41 42 43 44, on right: 45 47
Assign (60)
    on left: 45, on right: 2
Lvalue (61)
    on left: 46 47 48 49 50 51, on right: 29 52
Table (62)
    on left: 52 53, on right: 56 57 58 59 60
DotIdent (63)
    on left: 54 55, on right: 56 57
TableContent (64)
    on left: 56 57 58 59 60, on right: 48
NewMonitor (65)
    on left: 61, on right: 3
DeleteMonitor (66)
    on left: 62, on right: 4


state 0

    IDENT	shift, and go to state 1
    RESERVEDATTR	shift, and go to state 2
    MONITOR	shift, and go to state 3
    ATTRIBUTE	shift, and go to state 4
    REAL_CONST	shift, and go to state 5
    INT_CONST	shift, and go to state 6
    HEXINT_CONST	shift, and go to state 7
    STRING_CONST	shift, and go to state 8
    STATIC	shift, and go to state 9
    NOT 	shift, and go to state 10
    TRUE	shift, and go to state 11
    FALSE	shift, and go to state 12
    FUNCRES	shift, and go to state 13
    NEW 	shift, and go to state 14
    FORMAL	shift, and go to state 15
    DELETE	shift, and go to state 16
    NIL 	shift, and go to state 17
    LOCAL	shift, and go to state 18
    '(' 	shift, and go to state 19
    LAMBDA	shift, and go to state 20
    '-' 	shift, and go to state 21

    DebugExpression	go to state 102
    Expression	go to state 22
    RelationalExpression	go to state 23
    BooleanExpression	go to state 24
    ArithmeticExpression	go to state 25
    Term	go to state 26
    FunctionCall	go to state 27
    Primary	go to state 28
    ConstValue	go to state 29
    Name	go to state 30
    LvalueForAssign	go to state 31
    Assign	go to state 32
    Lvalue	go to state 33
    Table	go to state 34
    TableContent	go to state 35
    NewMonitor	go to state 36
    DeleteMonitor	go to state 37



state 1

    Name  ->  IDENT .   (rule 39)

    $default	reduce using rule 39 (Name)



state 2

    FunctionCall  ->  RESERVEDATTR . '(' ExpressionList ')'   (rule 28)

    '(' 	shift, and go to state 38



state 3

    Lvalue  ->  MONITOR .   (rule 49)

    $default	reduce using rule 49 (Lvalue)



state 4

    Lvalue  ->  ATTRIBUTE .   (rule 50)

    $default	reduce using rule 50 (Lvalue)



state 5

    ConstValue  ->  REAL_CONST .   (rule 32)

    $default	reduce using rule 32 (ConstValue)



state 6

    ConstValue  ->  INT_CONST .   (rule 33)

    $default	reduce using rule 33 (ConstValue)



state 7

    ConstValue  ->  HEXINT_CONST .   (rule 34)

    $default	reduce using rule 34 (ConstValue)



state 8

    ConstValue  ->  STRING_CONST .   (rule 35)

    $default	reduce using rule 35 (ConstValue)



state 9

    LvalueForAssign  ->  STATIC . DOT Name   (rule 44)

    DOT 	shift, and go to state 39



state 10

    Term  ->  NOT . Expression   (rule 23)

    IDENT	shift, and go to state 1
    RESERVEDATTR	shift, and go to state 2
    MONITOR	shift, and go to state 3
    ATTRIBUTE	shift, and go to state 4
    REAL_CONST	shift, and go to state 5
    INT_CONST	shift, and go to state 6
    HEXINT_CONST	shift, and go to state 7
    STRING_CONST	shift, and go to state 8
    STATIC	shift, and go to state 9
    NOT 	shift, and go to state 10
    TRUE	shift, and go to state 11
    FALSE	shift, and go to state 12
    FUNCRES	shift, and go to state 13
    FORMAL	shift, and go to state 15
    NIL 	shift, and go to state 17
    LOCAL	shift, and go to state 18
    '(' 	shift, and go to state 19
    LAMBDA	shift, and go to state 20
    '-' 	shift, and go to state 21

    Expression	go to state 40
    RelationalExpression	go to state 23
    BooleanExpression	go to state 24
    ArithmeticExpression	go to state 25
    Term	go to state 26
    FunctionCall	go to state 27
    Primary	go to state 28
    ConstValue	go to state 29
    Name	go to state 30
    LvalueForAssign	go to state 41
    Lvalue	go to state 33
    Table	go to state 34
    TableContent	go to state 35



state 11

    ConstValue  ->  TRUE .   (rule 37)

    $default	reduce using rule 37 (ConstValue)



state 12

    ConstValue  ->  FALSE .   (rule 38)

    $default	reduce using rule 38 (ConstValue)



state 13

    LvalueForAssign  ->  FUNCRES . IDENT   (rule 43)

    IDENT	shift, and go to state 42



state 14

    NewMonitor  ->  NEW . MONITOR '=' Expression   (rule 61)

    MONITOR	shift, and go to state 43



state 15

    LvalueForAssign  ->  FORMAL . DOT IDENT   (rule 41)

    DOT 	shift, and go to state 44



state 16

    DeleteMonitor  ->  DELETE . MONITOR   (rule 62)

    MONITOR	shift, and go to state 45



state 17

    ConstValue  ->  NIL .   (rule 36)

    $default	reduce using rule 36 (ConstValue)



state 18

    LvalueForAssign  ->  LOCAL . IDENT   (rule 42)

    IDENT	shift, and go to state 46



state 19

    Term  ->  '(' . Expression ')'   (rule 24)

    IDENT	shift, and go to state 1
    RESERVEDATTR	shift, and go to state 2
    MONITOR	shift, and go to state 3
    ATTRIBUTE	shift, and go to state 4
    REAL_CONST	shift, and go to state 5
    INT_CONST	shift, and go to state 6
    HEXINT_CONST	shift, and go to state 7
    STRING_CONST	shift, and go to state 8
    STATIC	shift, and go to state 9
    NOT 	shift, and go to state 10
    TRUE	shift, and go to state 11
    FALSE	shift, and go to state 12
    FUNCRES	shift, and go to state 13
    FORMAL	shift, and go to state 15
    NIL 	shift, and go to state 17
    LOCAL	shift, and go to state 18
    '(' 	shift, and go to state 19
    LAMBDA	shift, and go to state 20
    '-' 	shift, and go to state 21

    Expression	go to state 47
    RelationalExpression	go to state 23
    BooleanExpression	go to state 24
    ArithmeticExpression	go to state 25
    Term	go to state 26
    FunctionCall	go to state 27
    Primary	go to state 28
    ConstValue	go to state 29
    Name	go to state 30
    LvalueForAssign	go to state 41
    Lvalue	go to state 33
    Table	go to state 34
    TableContent	go to state 35



state 20

    Lvalue  ->  LAMBDA .   (rule 51)

    $default	reduce using rule 51 (Lvalue)



state 21

    Term  ->  '-' . Expression   (rule 22)

    IDENT	shift, and go to state 1
    RESERVEDATTR	shift, and go to state 2
    MONITOR	shift, and go to state 3
    ATTRIBUTE	shift, and go to state 4
    REAL_CONST	shift, and go to state 5
    INT_CONST	shift, and go to state 6
    HEXINT_CONST	shift, and go to state 7
    STRING_CONST	shift, and go to state 8
    STATIC	shift, and go to state 9
    NOT 	shift, and go to state 10
    TRUE	shift, and go to state 11
    FALSE	shift, and go to state 12
    FUNCRES	shift, and go to state 13
    FORMAL	shift, and go to state 15
    NIL 	shift, and go to state 17
    LOCAL	shift, and go to state 18
    '(' 	shift, and go to state 19
    LAMBDA	shift, and go to state 20
    '-' 	shift, and go to state 21

    Expression	go to state 48
    RelationalExpression	go to state 23
    BooleanExpression	go to state 24
    ArithmeticExpression	go to state 25
    Term	go to state 26
    FunctionCall	go to state 27
    Primary	go to state 28
    ConstValue	go to state 29
    Name	go to state 30
    LvalueForAssign	go to state 41
    Lvalue	go to state 33
    Table	go to state 34
    TableContent	go to state 35



state 22

    DebugExpression  ->  Expression .   (rule 1)
    RelationalExpression  ->  Expression . GT Expression   (rule 9)
    RelationalExpression  ->  Expression . LT Expression   (rule 10)
    RelationalExpression  ->  Expression . GE Expression   (rule 11)
    RelationalExpression  ->  Expression . LE Expression   (rule 12)
    RelationalExpression  ->  Expression . EQ Expression   (rule 13)
    RelationalExpression  ->  Expression . NE Expression   (rule 14)
    BooleanExpression  ->  Expression . AND Expression   (rule 15)
    BooleanExpression  ->  Expression . OR Expression   (rule 16)
    ArithmeticExpression  ->  Expression . '+' Expression   (rule 17)
    ArithmeticExpression  ->  Expression . '-' Expression   (rule 18)
    ArithmeticExpression  ->  Expression . '/' Expression   (rule 19)
    ArithmeticExpression  ->  Expression . '*' Expression   (rule 20)
    ArithmeticExpression  ->  Expression . '%' Expression   (rule 21)

    AND 	shift, and go to state 49
    OR  	shift, and go to state 50
    LT  	shift, and go to state 51
    GT  	shift, and go to state 52
    LE  	shift, and go to state 53
    GE  	shift, and go to state 54
    EQ  	shift, and go to state 55
    NE  	shift, and go to state 56
    '+' 	shift, and go to state 57
    '-' 	shift, and go to state 58
    '*' 	shift, and go to state 59
    '/' 	shift, and go to state 60
    '%' 	shift, and go to state 61

    $default	reduce using rule 1 (DebugExpression)



state 23

    Expression  ->  RelationalExpression .   (rule 5)

    $default	reduce using rule 5 (Expression)



state 24

    Expression  ->  BooleanExpression .   (rule 6)

    $default	reduce using rule 6 (Expression)



state 25

    Expression  ->  ArithmeticExpression .   (rule 7)

    $default	reduce using rule 7 (Expression)



state 26

    Expression  ->  Term .   (rule 8)

    $default	reduce using rule 8 (Expression)



state 27

    Primary  ->  FunctionCall .   (rule 31)
    Table  ->  FunctionCall .   (rule 53)

    SINGLE_LEFT_SB	reduce using rule 53 (Table)
    DOT 	reduce using rule 53 (Table)
    DOUBLE_DOT	reduce using rule 53 (Table)
    DOUBLE_LEFT_SB	reduce using rule 53 (Table)
    $default	reduce using rule 31 (Primary)



state 28

    Term  ->  Primary .   (rule 25)

    $default	reduce using rule 25 (Term)



state 29

    Primary  ->  ConstValue .   (rule 30)

    $default	reduce using rule 30 (Primary)



state 30

    Name  ->  Name . FUNCRES IDENT   (rule 40)
    Lvalue  ->  Name .   (rule 46)

    FUNCRES	shift, and go to state 62

    $default	reduce using rule 46 (Lvalue)



state 31

    Assign  ->  LvalueForAssign . '=' Expression   (rule 45)
    Lvalue  ->  LvalueForAssign .   (rule 47)

    '=' 	shift, and go to state 63

    $default	reduce using rule 47 (Lvalue)



state 32

    DebugExpression  ->  Assign .   (rule 2)

    $default	reduce using rule 2 (DebugExpression)



state 33

    Primary  ->  Lvalue .   (rule 29)
    Table  ->  Lvalue .   (rule 52)

    SINGLE_LEFT_SB	reduce using rule 52 (Table)
    DOT 	reduce using rule 52 (Table)
    DOUBLE_DOT	reduce using rule 52 (Table)
    DOUBLE_LEFT_SB	reduce using rule 52 (Table)
    $default	reduce using rule 29 (Primary)



state 34

    TableContent  ->  Table . DOT DotIdent   (rule 56)
    TableContent  ->  Table . DOUBLE_DOT DotIdent   (rule 57)
    TableContent  ->  Table . SINGLE_LEFT_SB Expression SINGLE_RIGHT_SB   (rule 58)
    TableContent  ->  Table . DOUBLE_LEFT_SB Expression DOUBLE_RIGHT_SB   (rule 59)
    TableContent  ->  Table . DOT RESERVEDATTR   (rule 60)

    SINGLE_LEFT_SB	shift, and go to state 64
    DOT 	shift, and go to state 65
    DOUBLE_DOT	shift, and go to state 66
    DOUBLE_LEFT_SB	shift, and go to state 67



state 35

    Lvalue  ->  TableContent .   (rule 48)

    $default	reduce using rule 48 (Lvalue)



state 36

    DebugExpression  ->  NewMonitor .   (rule 3)

    $default	reduce using rule 3 (DebugExpression)



state 37

    DebugExpression  ->  DeleteMonitor .   (rule 4)

    $default	reduce using rule 4 (DebugExpression)



state 38

    FunctionCall  ->  RESERVEDATTR '(' . ExpressionList ')'   (rule 28)

    IDENT	shift, and go to state 1
    RESERVEDATTR	shift, and go to state 2
    MONITOR	shift, and go to state 3
    ATTRIBUTE	shift, and go to state 4
    REAL_CONST	shift, and go to state 5
    INT_CONST	shift, and go to state 6
    HEXINT_CONST	shift, and go to state 7
    STRING_CONST	shift, and go to state 8
    STATIC	shift, and go to state 9
    NOT 	shift, and go to state 10
    TRUE	shift, and go to state 11
    FALSE	shift, and go to state 12
    FUNCRES	shift, and go to state 13
    FORMAL	shift, and go to state 15
    NIL 	shift, and go to state 17
    LOCAL	shift, and go to state 18
    '(' 	shift, and go to state 19
    LAMBDA	shift, and go to state 20
    '-' 	shift, and go to state 21

    Expression	go to state 68
    RelationalExpression	go to state 23
    BooleanExpression	go to state 24
    ArithmeticExpression	go to state 25
    Term	go to state 26
    ExpressionList	go to state 69
    FunctionCall	go to state 27
    Primary	go to state 28
    ConstValue	go to state 29
    Name	go to state 30
    LvalueForAssign	go to state 41
    Lvalue	go to state 33
    Table	go to state 34
    TableContent	go to state 35



state 39

    LvalueForAssign  ->  STATIC DOT . Name   (rule 44)

    IDENT	shift, and go to state 1

    Name	go to state 70



state 40

    RelationalExpression  ->  Expression . GT Expression   (rule 9)
    RelationalExpression  ->  Expression . LT Expression   (rule 10)
    RelationalExpression  ->  Expression . GE Expression   (rule 11)
    RelationalExpression  ->  Expression . LE Expression   (rule 12)
    RelationalExpression  ->  Expression . EQ Expression   (rule 13)
    RelationalExpression  ->  Expression . NE Expression   (rule 14)
    BooleanExpression  ->  Expression . AND Expression   (rule 15)
    BooleanExpression  ->  Expression . OR Expression   (rule 16)
    ArithmeticExpression  ->  Expression . '+' Expression   (rule 17)
    ArithmeticExpression  ->  Expression . '-' Expression   (rule 18)
    ArithmeticExpression  ->  Expression . '/' Expression   (rule 19)
    ArithmeticExpression  ->  Expression . '*' Expression   (rule 20)
    ArithmeticExpression  ->  Expression . '%' Expression   (rule 21)
    Term  ->  NOT Expression .   (rule 23)


    $default	reduce using rule 23 (Term)



state 41

    Lvalue  ->  LvalueForAssign .   (rule 47)

    $default	reduce using rule 47 (Lvalue)



state 42

    LvalueForAssign  ->  FUNCRES IDENT .   (rule 43)

    $default	reduce using rule 43 (LvalueForAssign)



state 43

    NewMonitor  ->  NEW MONITOR . '=' Expression   (rule 61)

    '=' 	shift, and go to state 71



state 44

    LvalueForAssign  ->  FORMAL DOT . IDENT   (rule 41)

    IDENT	shift, and go to state 72



state 45

    DeleteMonitor  ->  DELETE MONITOR .   (rule 62)

    $default	reduce using rule 62 (DeleteMonitor)



state 46

    LvalueForAssign  ->  LOCAL IDENT .   (rule 42)

    $default	reduce using rule 42 (LvalueForAssign)



state 47

    RelationalExpression  ->  Expression . GT Expression   (rule 9)
    RelationalExpression  ->  Expression . LT Expression   (rule 10)
    RelationalExpression  ->  Expression . GE Expression   (rule 11)
    RelationalExpression  ->  Expression . LE Expression   (rule 12)
    RelationalExpression  ->  Expression . EQ Expression   (rule 13)
    RelationalExpression  ->  Expression . NE Expression   (rule 14)
    BooleanExpression  ->  Expression . AND Expression   (rule 15)
    BooleanExpression  ->  Expression . OR Expression   (rule 16)
    ArithmeticExpression  ->  Expression . '+' Expression   (rule 17)
    ArithmeticExpression  ->  Expression . '-' Expression   (rule 18)
    ArithmeticExpression  ->  Expression . '/' Expression   (rule 19)
    ArithmeticExpression  ->  Expression . '*' Expression   (rule 20)
    ArithmeticExpression  ->  Expression . '%' Expression   (rule 21)
    Term  ->  '(' Expression . ')'   (rule 24)

    AND 	shift, and go to state 49
    OR  	shift, and go to state 50
    LT  	shift, and go to state 51
    GT  	shift, and go to state 52
    LE  	shift, and go to state 53
    GE  	shift, and go to state 54
    EQ  	shift, and go to state 55
    NE  	shift, and go to state 56
    ')' 	shift, and go to state 73
    '+' 	shift, and go to state 57
    '-' 	shift, and go to state 58
    '*' 	shift, and go to state 59
    '/' 	shift, and go to state 60
    '%' 	shift, and go to state 61



state 48

    RelationalExpression  ->  Expression . GT Expression   (rule 9)
    RelationalExpression  ->  Expression . LT Expression   (rule 10)
    RelationalExpression  ->  Expression . GE Expression   (rule 11)
    RelationalExpression  ->  Expression . LE Expression   (rule 12)
    RelationalExpression  ->  Expression . EQ Expression   (rule 13)
    RelationalExpression  ->  Expression . NE Expression   (rule 14)
    BooleanExpression  ->  Expression . AND Expression   (rule 15)
    BooleanExpression  ->  Expression . OR Expression   (rule 16)
    ArithmeticExpression  ->  Expression . '+' Expression   (rule 17)
    ArithmeticExpression  ->  Expression . '-' Expression   (rule 18)
    ArithmeticExpression  ->  Expression . '/' Expression   (rule 19)
    ArithmeticExpression  ->  Expression . '*' Expression   (rule 20)
    ArithmeticExpression  ->  Expression . '%' Expression   (rule 21)
    Term  ->  '-' Expression .   (rule 22)


    $default	reduce using rule 22 (Term)



state 49

    BooleanExpression  ->  Expression AND . Expression   (rule 15)

    IDENT	shift, and go to state 1
    RESERVEDATTR	shift, and go to state 2
    MONITOR	shift, and go to state 3
    ATTRIBUTE	shift, and go to state 4
    REAL_CONST	shift, and go to state 5
    INT_CONST	shift, and go to state 6
    HEXINT_CONST	shift, and go to state 7
    STRING_CONST	shift, and go to state 8
    STATIC	shift, and go to state 9
    NOT 	shift, and go to state 10
    TRUE	shift, and go to state 11
    FALSE	shift, and go to state 12
    FUNCRES	shift, and go to state 13
    FORMAL	shift, and go to state 15
    NIL 	shift, and go to state 17
    LOCAL	shift, and go to state 18
    '(' 	shift, and go to state 19
    LAMBDA	shift, and go to state 20
    '-' 	shift, and go to state 21

    Expression	go to state 74
    RelationalExpression	go to state 23
    BooleanExpression	go to state 24
    ArithmeticExpression	go to state 25
    Term	go to state 26
    FunctionCall	go to state 27
    Primary	go to state 28
    ConstValue	go to state 29
    Name	go to state 30
    LvalueForAssign	go to state 41
    Lvalue	go to state 33
    Table	go to state 34
    TableContent	go to state 35



state 50

    BooleanExpression  ->  Expression OR . Expression   (rule 16)

    IDENT	shift, and go to state 1
    RESERVEDATTR	shift, and go to state 2
    MONITOR	shift, and go to state 3
    ATTRIBUTE	shift, and go to state 4
    REAL_CONST	shift, and go to state 5
    INT_CONST	shift, and go to state 6
    HEXINT_CONST	shift, and go to state 7
    STRING_CONST	shift, and go to state 8
    STATIC	shift, and go to state 9
    NOT 	shift, and go to state 10
    TRUE	shift, and go to state 11
    FALSE	shift, and go to state 12
    FUNCRES	shift, and go to state 13
    FORMAL	shift, and go to state 15
    NIL 	shift, and go to state 17
    LOCAL	shift, and go to state 18
    '(' 	shift, and go to state 19
    LAMBDA	shift, and go to state 20
    '-' 	shift, and go to state 21

    Expression	go to state 75
    RelationalExpression	go to state 23
    BooleanExpression	go to state 24
    ArithmeticExpression	go to state 25
    Term	go to state 26
    FunctionCall	go to state 27
    Primary	go to state 28
    ConstValue	go to state 29
    Name	go to state 30
    LvalueForAssign	go to state 41
    Lvalue	go to state 33
    Table	go to state 34
    TableContent	go to state 35



state 51

    RelationalExpression  ->  Expression LT . Expression   (rule 10)

    IDENT	shift, and go to state 1
    RESERVEDATTR	shift, and go to state 2
    MONITOR	shift, and go to state 3
    ATTRIBUTE	shift, and go to state 4
    REAL_CONST	shift, and go to state 5
    INT_CONST	shift, and go to state 6
    HEXINT_CONST	shift, and go to state 7
    STRING_CONST	shift, and go to state 8
    STATIC	shift, and go to state 9
    NOT 	shift, and go to state 10
    TRUE	shift, and go to state 11
    FALSE	shift, and go to state 12
    FUNCRES	shift, and go to state 13
    FORMAL	shift, and go to state 15
    NIL 	shift, and go to state 17
    LOCAL	shift, and go to state 18
    '(' 	shift, and go to state 19
    LAMBDA	shift, and go to state 20
    '-' 	shift, and go to state 21

    Expression	go to state 76
    RelationalExpression	go to state 23
    BooleanExpression	go to state 24
    ArithmeticExpression	go to state 25
    Term	go to state 26
    FunctionCall	go to state 27
    Primary	go to state 28
    ConstValue	go to state 29
    Name	go to state 30
    LvalueForAssign	go to state 41
    Lvalue	go to state 33
    Table	go to state 34
    TableContent	go to state 35



state 52

    RelationalExpression  ->  Expression GT . Expression   (rule 9)

    IDENT	shift, and go to state 1
    RESERVEDATTR	shift, and go to state 2
    MONITOR	shift, and go to state 3
    ATTRIBUTE	shift, and go to state 4
    REAL_CONST	shift, and go to state 5
    INT_CONST	shift, and go to state 6
    HEXINT_CONST	shift, and go to state 7
    STRING_CONST	shift, and go to state 8
    STATIC	shift, and go to state 9
    NOT 	shift, and go to state 10
    TRUE	shift, and go to state 11
    FALSE	shift, and go to state 12
    FUNCRES	shift, and go to state 13
    FORMAL	shift, and go to state 15
    NIL 	shift, and go to state 17
    LOCAL	shift, and go to state 18
    '(' 	shift, and go to state 19
    LAMBDA	shift, and go to state 20
    '-' 	shift, and go to state 21

    Expression	go to state 77
    RelationalExpression	go to state 23
    BooleanExpression	go to state 24
    ArithmeticExpression	go to state 25
    Term	go to state 26
    FunctionCall	go to state 27
    Primary	go to state 28
    ConstValue	go to state 29
    Name	go to state 30
    LvalueForAssign	go to state 41
    Lvalue	go to state 33
    Table	go to state 34
    TableContent	go to state 35



state 53

    RelationalExpression  ->  Expression LE . Expression   (rule 12)

    IDENT	shift, and go to state 1
    RESERVEDATTR	shift, and go to state 2
    MONITOR	shift, and go to state 3
    ATTRIBUTE	shift, and go to state 4
    REAL_CONST	shift, and go to state 5
    INT_CONST	shift, and go to state 6
    HEXINT_CONST	shift, and go to state 7
    STRING_CONST	shift, and go to state 8
    STATIC	shift, and go to state 9
    NOT 	shift, and go to state 10
    TRUE	shift, and go to state 11
    FALSE	shift, and go to state 12
    FUNCRES	shift, and go to state 13
    FORMAL	shift, and go to state 15
    NIL 	shift, and go to state 17
    LOCAL	shift, and go to state 18
    '(' 	shift, and go to state 19
    LAMBDA	shift, and go to state 20
    '-' 	shift, and go to state 21

    Expression	go to state 78
    RelationalExpression	go to state 23
    BooleanExpression	go to state 24
    ArithmeticExpression	go to state 25
    Term	go to state 26
    FunctionCall	go to state 27
    Primary	go to state 28
    ConstValue	go to state 29
    Name	go to state 30
    LvalueForAssign	go to state 41
    Lvalue	go to state 33
    Table	go to state 34
    TableContent	go to state 35



state 54

    RelationalExpression  ->  Expression GE . Expression   (rule 11)

    IDENT	shift, and go to state 1
    RESERVEDATTR	shift, and go to state 2
    MONITOR	shift, and go to state 3
    ATTRIBUTE	shift, and go to state 4
    REAL_CONST	shift, and go to state 5
    INT_CONST	shift, and go to state 6
    HEXINT_CONST	shift, and go to state 7
    STRING_CONST	shift, and go to state 8
    STATIC	shift, and go to state 9
    NOT 	shift, and go to state 10
    TRUE	shift, and go to state 11
    FALSE	shift, and go to state 12
    FUNCRES	shift, and go to state 13
    FORMAL	shift, and go to state 15
    NIL 	shift, and go to state 17
    LOCAL	shift, and go to state 18
    '(' 	shift, and go to state 19
    LAMBDA	shift, and go to state 20
    '-' 	shift, and go to state 21

    Expression	go to state 79
    RelationalExpression	go to state 23
    BooleanExpression	go to state 24
    ArithmeticExpression	go to state 25
    Term	go to state 26
    FunctionCall	go to state 27
    Primary	go to state 28
    ConstValue	go to state 29
    Name	go to state 30
    LvalueForAssign	go to state 41
    Lvalue	go to state 33
    Table	go to state 34
    TableContent	go to state 35



state 55

    RelationalExpression  ->  Expression EQ . Expression   (rule 13)

    IDENT	shift, and go to state 1
    RESERVEDATTR	shift, and go to state 2
    MONITOR	shift, and go to state 3
    ATTRIBUTE	shift, and go to state 4
    REAL_CONST	shift, and go to state 5
    INT_CONST	shift, and go to state 6
    HEXINT_CONST	shift, and go to state 7
    STRING_CONST	shift, and go to state 8
    STATIC	shift, and go to state 9
    NOT 	shift, and go to state 10
    TRUE	shift, and go to state 11
    FALSE	shift, and go to state 12
    FUNCRES	shift, and go to state 13
    FORMAL	shift, and go to state 15
    NIL 	shift, and go to state 17
    LOCAL	shift, and go to state 18
    '(' 	shift, and go to state 19
    LAMBDA	shift, and go to state 20
    '-' 	shift, and go to state 21

    Expression	go to state 80
    RelationalExpression	go to state 23
    BooleanExpression	go to state 24
    ArithmeticExpression	go to state 25
    Term	go to state 26
    FunctionCall	go to state 27
    Primary	go to state 28
    ConstValue	go to state 29
    Name	go to state 30
    LvalueForAssign	go to state 41
    Lvalue	go to state 33
    Table	go to state 34
    TableContent	go to state 35



state 56

    RelationalExpression  ->  Expression NE . Expression   (rule 14)

    IDENT	shift, and go to state 1
    RESERVEDATTR	shift, and go to state 2
    MONITOR	shift, and go to state 3
    ATTRIBUTE	shift, and go to state 4
    REAL_CONST	shift, and go to state 5
    INT_CONST	shift, and go to state 6
    HEXINT_CONST	shift, and go to state 7
    STRING_CONST	shift, and go to state 8
    STATIC	shift, and go to state 9
    NOT 	shift, and go to state 10
    TRUE	shift, and go to state 11
    FALSE	shift, and go to state 12
    FUNCRES	shift, and go to state 13
    FORMAL	shift, and go to state 15
    NIL 	shift, and go to state 17
    LOCAL	shift, and go to state 18
    '(' 	shift, and go to state 19
    LAMBDA	shift, and go to state 20
    '-' 	shift, and go to state 21

    Expression	go to state 81
    RelationalExpression	go to state 23
    BooleanExpression	go to state 24
    ArithmeticExpression	go to state 25
    Term	go to state 26
    FunctionCall	go to state 27
    Primary	go to state 28
    ConstValue	go to state 29
    Name	go to state 30
    LvalueForAssign	go to state 41
    Lvalue	go to state 33
    Table	go to state 34
    TableContent	go to state 35



state 57

    ArithmeticExpression  ->  Expression '+' . Expression   (rule 17)

    IDENT	shift, and go to state 1
    RESERVEDATTR	shift, and go to state 2
    MONITOR	shift, and go to state 3
    ATTRIBUTE	shift, and go to state 4
    REAL_CONST	shift, and go to state 5
    INT_CONST	shift, and go to state 6
    HEXINT_CONST	shift, and go to state 7
    STRING_CONST	shift, and go to state 8
    STATIC	shift, and go to state 9
    NOT 	shift, and go to state 10
    TRUE	shift, and go to state 11
    FALSE	shift, and go to state 12
    FUNCRES	shift, and go to state 13
    FORMAL	shift, and go to state 15
    NIL 	shift, and go to state 17
    LOCAL	shift, and go to state 18
    '(' 	shift, and go to state 19
    LAMBDA	shift, and go to state 20
    '-' 	shift, and go to state 21

    Expression	go to state 82
    RelationalExpression	go to state 23
    BooleanExpression	go to state 24
    ArithmeticExpression	go to state 25
    Term	go to state 26
    FunctionCall	go to state 27
    Primary	go to state 28
    ConstValue	go to state 29
    Name	go to state 30
    LvalueForAssign	go to state 41
    Lvalue	go to state 33
    Table	go to state 34
    TableContent	go to state 35



state 58

    ArithmeticExpression  ->  Expression '-' . Expression   (rule 18)

    IDENT	shift, and go to state 1
    RESERVEDATTR	shift, and go to state 2
    MONITOR	shift, and go to state 3
    ATTRIBUTE	shift, and go to state 4
    REAL_CONST	shift, and go to state 5
    INT_CONST	shift, and go to state 6
    HEXINT_CONST	shift, and go to state 7
    STRING_CONST	shift, and go to state 8
    STATIC	shift, and go to state 9
    NOT 	shift, and go to state 10
    TRUE	shift, and go to state 11
    FALSE	shift, and go to state 12
    FUNCRES	shift, and go to state 13
    FORMAL	shift, and go to state 15
    NIL 	shift, and go to state 17
    LOCAL	shift, and go to state 18
    '(' 	shift, and go to state 19
    LAMBDA	shift, and go to state 20
    '-' 	shift, and go to state 21

    Expression	go to state 83
    RelationalExpression	go to state 23
    BooleanExpression	go to state 24
    ArithmeticExpression	go to state 25
    Term	go to state 26
    FunctionCall	go to state 27
    Primary	go to state 28
    ConstValue	go to state 29
    Name	go to state 30
    LvalueForAssign	go to state 41
    Lvalue	go to state 33
    Table	go to state 34
    TableContent	go to state 35



state 59

    ArithmeticExpression  ->  Expression '*' . Expression   (rule 20)

    IDENT	shift, and go to state 1
    RESERVEDATTR	shift, and go to state 2
    MONITOR	shift, and go to state 3
    ATTRIBUTE	shift, and go to state 4
    REAL_CONST	shift, and go to state 5
    INT_CONST	shift, and go to state 6
    HEXINT_CONST	shift, and go to state 7
    STRING_CONST	shift, and go to state 8
    STATIC	shift, and go to state 9
    NOT 	shift, and go to state 10
    TRUE	shift, and go to state 11
    FALSE	shift, and go to state 12
    FUNCRES	shift, and go to state 13
    FORMAL	shift, and go to state 15
    NIL 	shift, and go to state 17
    LOCAL	shift, and go to state 18
    '(' 	shift, and go to state 19
    LAMBDA	shift, and go to state 20
    '-' 	shift, and go to state 21

    Expression	go to state 84
    RelationalExpression	go to state 23
    BooleanExpression	go to state 24
    ArithmeticExpression	go to state 25
    Term	go to state 26
    FunctionCall	go to state 27
    Primary	go to state 28
    ConstValue	go to state 29
    Name	go to state 30
    LvalueForAssign	go to state 41
    Lvalue	go to state 33
    Table	go to state 34
    TableContent	go to state 35



state 60

    ArithmeticExpression  ->  Expression '/' . Expression   (rule 19)

    IDENT	shift, and go to state 1
    RESERVEDATTR	shift, and go to state 2
    MONITOR	shift, and go to state 3
    ATTRIBUTE	shift, and go to state 4
    REAL_CONST	shift, and go to state 5
    INT_CONST	shift, and go to state 6
    HEXINT_CONST	shift, and go to state 7
    STRING_CONST	shift, and go to state 8
    STATIC	shift, and go to state 9
    NOT 	shift, and go to state 10
    TRUE	shift, and go to state 11
    FALSE	shift, and go to state 12
    FUNCRES	shift, and go to state 13
    FORMAL	shift, and go to state 15
    NIL 	shift, and go to state 17
    LOCAL	shift, and go to state 18
    '(' 	shift, and go to state 19
    LAMBDA	shift, and go to state 20
    '-' 	shift, and go to state 21

    Expression	go to state 85
    RelationalExpression	go to state 23
    BooleanExpression	go to state 24
    ArithmeticExpression	go to state 25
    Term	go to state 26
    FunctionCall	go to state 27
    Primary	go to state 28
    ConstValue	go to state 29
    Name	go to state 30
    LvalueForAssign	go to state 41
    Lvalue	go to state 33
    Table	go to state 34
    TableContent	go to state 35



state 61

    ArithmeticExpression  ->  Expression '%' . Expression   (rule 21)

    IDENT	shift, and go to state 1
    RESERVEDATTR	shift, and go to state 2
    MONITOR	shift, and go to state 3
    ATTRIBUTE	shift, and go to state 4
    REAL_CONST	shift, and go to state 5
    INT_CONST	shift, and go to state 6
    HEXINT_CONST	shift, and go to state 7
    STRING_CONST	shift, and go to state 8
    STATIC	shift, and go to state 9
    NOT 	shift, and go to state 10
    TRUE	shift, and go to state 11
    FALSE	shift, and go to state 12
    FUNCRES	shift, and go to state 13
    FORMAL	shift, and go to state 15
    NIL 	shift, and go to state 17
    LOCAL	shift, and go to state 18
    '(' 	shift, and go to state 19
    LAMBDA	shift, and go to state 20
    '-' 	shift, and go to state 21

    Expression	go to state 86
    RelationalExpression	go to state 23
    BooleanExpression	go to state 24
    ArithmeticExpression	go to state 25
    Term	go to state 26
    FunctionCall	go to state 27
    Primary	go to state 28
    ConstValue	go to state 29
    Name	go to state 30
    LvalueForAssign	go to state 41
    Lvalue	go to state 33
    Table	go to state 34
    TableContent	go to state 35



state 62

    Name  ->  Name FUNCRES . IDENT   (rule 40)

    IDENT	shift, and go to state 87



state 63

    Assign  ->  LvalueForAssign '=' . Expression   (rule 45)

    IDENT	shift, and go to state 1
    RESERVEDATTR	shift, and go to state 2
    MONITOR	shift, and go to state 3
    ATTRIBUTE	shift, and go to state 4
    REAL_CONST	shift, and go to state 5
    INT_CONST	shift, and go to state 6
    HEXINT_CONST	shift, and go to state 7
    STRING_CONST	shift, and go to state 8
    STATIC	shift, and go to state 9
    NOT 	shift, and go to state 10
    TRUE	shift, and go to state 11
    FALSE	shift, and go to state 12
    FUNCRES	shift, and go to state 13
    FORMAL	shift, and go to state 15
    NIL 	shift, and go to state 17
    LOCAL	shift, and go to state 18
    '(' 	shift, and go to state 19
    LAMBDA	shift, and go to state 20
    '-' 	shift, and go to state 21

    Expression	go to state 88
    RelationalExpression	go to state 23
    BooleanExpression	go to state 24
    ArithmeticExpression	go to state 25
    Term	go to state 26
    FunctionCall	go to state 27
    Primary	go to state 28
    ConstValue	go to state 29
    Name	go to state 30
    LvalueForAssign	go to state 41
    Lvalue	go to state 33
    Table	go to state 34
    TableContent	go to state 35



state 64

    TableContent  ->  Table SINGLE_LEFT_SB . Expression SINGLE_RIGHT_SB   (rule 58)

    IDENT	shift, and go to state 1
    RESERVEDATTR	shift, and go to state 2
    MONITOR	shift, and go to state 3
    ATTRIBUTE	shift, and go to state 4
    REAL_CONST	shift, and go to state 5
    INT_CONST	shift, and go to state 6
    HEXINT_CONST	shift, and go to state 7
    STRING_CONST	shift, and go to state 8
    STATIC	shift, and go to state 9
    NOT 	shift, and go to state 10
    TRUE	shift, and go to state 11
    FALSE	shift, and go to state 12
    FUNCRES	shift, and go to state 13
    FORMAL	shift, and go to state 15
    NIL 	shift, and go to state 17
    LOCAL	shift, and go to state 18
    '(' 	shift, and go to state 19
    LAMBDA	shift, and go to state 20
    '-' 	shift, and go to state 21

    Expression	go to state 89
    RelationalExpression	go to state 23
    BooleanExpression	go to state 24
    ArithmeticExpression	go to state 25
    Term	go to state 26
    FunctionCall	go to state 27
    Primary	go to state 28
    ConstValue	go to state 29
    Name	go to state 30
    LvalueForAssign	go to state 41
    Lvalue	go to state 33
    Table	go to state 34
    TableContent	go to state 35



state 65

    TableContent  ->  Table DOT . DotIdent   (rule 56)
    TableContent  ->  Table DOT . RESERVEDATTR   (rule 60)

    IDENT	shift, and go to state 90
    RESERVEDATTR	shift, and go to state 91
    ATTRIBUTE	shift, and go to state 92

    DotIdent	go to state 93



state 66

    TableContent  ->  Table DOUBLE_DOT . DotIdent   (rule 57)

    IDENT	shift, and go to state 90
    ATTRIBUTE	shift, and go to state 92

    DotIdent	go to state 94



state 67

    TableContent  ->  Table DOUBLE_LEFT_SB . Expression DOUBLE_RIGHT_SB   (rule 59)

    IDENT	shift, and go to state 1
    RESERVEDATTR	shift, and go to state 2
    MONITOR	shift, and go to state 3
    ATTRIBUTE	shift, and go to state 4
    REAL_CONST	shift, and go to state 5
    INT_CONST	shift, and go to state 6
    HEXINT_CONST	shift, and go to state 7
    STRING_CONST	shift, and go to state 8
    STATIC	shift, and go to state 9
    NOT 	shift, and go to state 10
    TRUE	shift, and go to state 11
    FALSE	shift, and go to state 12
    FUNCRES	shift, and go to state 13
    FORMAL	shift, and go to state 15
    NIL 	shift, and go to state 17
    LOCAL	shift, and go to state 18
    '(' 	shift, and go to state 19
    LAMBDA	shift, and go to state 20
    '-' 	shift, and go to state 21

    Expression	go to state 95
    RelationalExpression	go to state 23
    BooleanExpression	go to state 24
    ArithmeticExpression	go to state 25
    Term	go to state 26
    FunctionCall	go to state 27
    Primary	go to state 28
    ConstValue	go to state 29
    Name	go to state 30
    LvalueForAssign	go to state 41
    Lvalue	go to state 33
    Table	go to state 34
    TableContent	go to state 35



state 68

    RelationalExpression  ->  Expression . GT Expression   (rule 9)
    RelationalExpression  ->  Expression . LT Expression   (rule 10)
    RelationalExpression  ->  Expression . GE Expression   (rule 11)
    RelationalExpression  ->  Expression . LE Expression   (rule 12)
    RelationalExpression  ->  Expression . EQ Expression   (rule 13)
    RelationalExpression  ->  Expression . NE Expression   (rule 14)
    BooleanExpression  ->  Expression . AND Expression   (rule 15)
    BooleanExpression  ->  Expression . OR Expression   (rule 16)
    ArithmeticExpression  ->  Expression . '+' Expression   (rule 17)
    ArithmeticExpression  ->  Expression . '-' Expression   (rule 18)
    ArithmeticExpression  ->  Expression . '/' Expression   (rule 19)
    ArithmeticExpression  ->  Expression . '*' Expression   (rule 20)
    ArithmeticExpression  ->  Expression . '%' Expression   (rule 21)
    ExpressionList  ->  Expression .   (rule 26)

    AND 	shift, and go to state 49
    OR  	shift, and go to state 50
    LT  	shift, and go to state 51
    GT  	shift, and go to state 52
    LE  	shift, and go to state 53
    GE  	shift, and go to state 54
    EQ  	shift, and go to state 55
    NE  	shift, and go to state 56
    '+' 	shift, and go to state 57
    '-' 	shift, and go to state 58
    '*' 	shift, and go to state 59
    '/' 	shift, and go to state 60
    '%' 	shift, and go to state 61

    $default	reduce using rule 26 (ExpressionList)



state 69

    ExpressionList  ->  ExpressionList . ',' Expression   (rule 27)
    FunctionCall  ->  RESERVEDATTR '(' ExpressionList . ')'   (rule 28)

    ')' 	shift, and go to state 96
    ',' 	shift, and go to state 97



state 70

    Name  ->  Name . FUNCRES IDENT   (rule 40)
    LvalueForAssign  ->  STATIC DOT Name .   (rule 44)

    FUNCRES	shift, and go to state 62

    $default	reduce using rule 44 (LvalueForAssign)



state 71

    NewMonitor  ->  NEW MONITOR '=' . Expression   (rule 61)

    IDENT	shift, and go to state 1
    RESERVEDATTR	shift, and go to state 2
    MONITOR	shift, and go to state 3
    ATTRIBUTE	shift, and go to state 4
    REAL_CONST	shift, and go to state 5
    INT_CONST	shift, and go to state 6
    HEXINT_CONST	shift, and go to state 7
    STRING_CONST	shift, and go to state 8
    STATIC	shift, and go to state 9
    NOT 	shift, and go to state 10
    TRUE	shift, and go to state 11
    FALSE	shift, and go to state 12
    FUNCRES	shift, and go to state 13
    FORMAL	shift, and go to state 15
    NIL 	shift, and go to state 17
    LOCAL	shift, and go to state 18
    '(' 	shift, and go to state 19
    LAMBDA	shift, and go to state 20
    '-' 	shift, and go to state 21

    Expression	go to state 98
    RelationalExpression	go to state 23
    BooleanExpression	go to state 24
    ArithmeticExpression	go to state 25
    Term	go to state 26
    FunctionCall	go to state 27
    Primary	go to state 28
    ConstValue	go to state 29
    Name	go to state 30
    LvalueForAssign	go to state 41
    Lvalue	go to state 33
    Table	go to state 34
    TableContent	go to state 35



state 72

    LvalueForAssign  ->  FORMAL DOT IDENT .   (rule 41)

    $default	reduce using rule 41 (LvalueForAssign)



state 73

    Term  ->  '(' Expression ')' .   (rule 24)

    $default	reduce using rule 24 (Term)



state 74

    RelationalExpression  ->  Expression . GT Expression   (rule 9)
    RelationalExpression  ->  Expression . LT Expression   (rule 10)
    RelationalExpression  ->  Expression . GE Expression   (rule 11)
    RelationalExpression  ->  Expression . LE Expression   (rule 12)
    RelationalExpression  ->  Expression . EQ Expression   (rule 13)
    RelationalExpression  ->  Expression . NE Expression   (rule 14)
    BooleanExpression  ->  Expression . AND Expression   (rule 15)
    BooleanExpression  ->  Expression AND Expression .   (rule 15)
    BooleanExpression  ->  Expression . OR Expression   (rule 16)
    ArithmeticExpression  ->  Expression . '+' Expression   (rule 17)
    ArithmeticExpression  ->  Expression . '-' Expression   (rule 18)
    ArithmeticExpression  ->  Expression . '/' Expression   (rule 19)
    ArithmeticExpression  ->  Expression . '*' Expression   (rule 20)
    ArithmeticExpression  ->  Expression . '%' Expression   (rule 21)

    LT  	shift, and go to state 51
    GT  	shift, and go to state 52
    LE  	shift, and go to state 53
    GE  	shift, and go to state 54
    EQ  	shift, and go to state 55
    NE  	shift, and go to state 56
    '+' 	shift, and go to state 57
    '-' 	shift, and go to state 58
    '*' 	shift, and go to state 59
    '/' 	shift, and go to state 60
    '%' 	shift, and go to state 61

    $default	reduce using rule 15 (BooleanExpression)



state 75

    RelationalExpression  ->  Expression . GT Expression   (rule 9)
    RelationalExpression  ->  Expression . LT Expression   (rule 10)
    RelationalExpression  ->  Expression . GE Expression   (rule 11)
    RelationalExpression  ->  Expression . LE Expression   (rule 12)
    RelationalExpression  ->  Expression . EQ Expression   (rule 13)
    RelationalExpression  ->  Expression . NE Expression   (rule 14)
    BooleanExpression  ->  Expression . AND Expression   (rule 15)
    BooleanExpression  ->  Expression . OR Expression   (rule 16)
    BooleanExpression  ->  Expression OR Expression .   (rule 16)
    ArithmeticExpression  ->  Expression . '+' Expression   (rule 17)
    ArithmeticExpression  ->  Expression . '-' Expression   (rule 18)
    ArithmeticExpression  ->  Expression . '/' Expression   (rule 19)
    ArithmeticExpression  ->  Expression . '*' Expression   (rule 20)
    ArithmeticExpression  ->  Expression . '%' Expression   (rule 21)

    AND 	shift, and go to state 49
    LT  	shift, and go to state 51
    GT  	shift, and go to state 52
    LE  	shift, and go to state 53
    GE  	shift, and go to state 54
    EQ  	shift, and go to state 55
    NE  	shift, and go to state 56
    '+' 	shift, and go to state 57
    '-' 	shift, and go to state 58
    '*' 	shift, and go to state 59
    '/' 	shift, and go to state 60
    '%' 	shift, and go to state 61

    $default	reduce using rule 16 (BooleanExpression)



state 76

    RelationalExpression  ->  Expression . GT Expression   (rule 9)
    RelationalExpression  ->  Expression . LT Expression   (rule 10)
    RelationalExpression  ->  Expression LT Expression .   (rule 10)
    RelationalExpression  ->  Expression . GE Expression   (rule 11)
    RelationalExpression  ->  Expression . LE Expression   (rule 12)
    RelationalExpression  ->  Expression . EQ Expression   (rule 13)
    RelationalExpression  ->  Expression . NE Expression   (rule 14)
    BooleanExpression  ->  Expression . AND Expression   (rule 15)
    BooleanExpression  ->  Expression . OR Expression   (rule 16)
    ArithmeticExpression  ->  Expression . '+' Expression   (rule 17)
    ArithmeticExpression  ->  Expression . '-' Expression   (rule 18)
    ArithmeticExpression  ->  Expression . '/' Expression   (rule 19)
    ArithmeticExpression  ->  Expression . '*' Expression   (rule 20)
    ArithmeticExpression  ->  Expression . '%' Expression   (rule 21)

    '+' 	shift, and go to state 57
    '-' 	shift, and go to state 58
    '*' 	shift, and go to state 59
    '/' 	shift, and go to state 60
    '%' 	shift, and go to state 61

    $default	reduce using rule 10 (RelationalExpression)



state 77

    RelationalExpression  ->  Expression . GT Expression   (rule 9)
    RelationalExpression  ->  Expression GT Expression .   (rule 9)
    RelationalExpression  ->  Expression . LT Expression   (rule 10)
    RelationalExpression  ->  Expression . GE Expression   (rule 11)
    RelationalExpression  ->  Expression . LE Expression   (rule 12)
    RelationalExpression  ->  Expression . EQ Expression   (rule 13)
    RelationalExpression  ->  Expression . NE Expression   (rule 14)
    BooleanExpression  ->  Expression . AND Expression   (rule 15)
    BooleanExpression  ->  Expression . OR Expression   (rule 16)
    ArithmeticExpression  ->  Expression . '+' Expression   (rule 17)
    ArithmeticExpression  ->  Expression . '-' Expression   (rule 18)
    ArithmeticExpression  ->  Expression . '/' Expression   (rule 19)
    ArithmeticExpression  ->  Expression . '*' Expression   (rule 20)
    ArithmeticExpression  ->  Expression . '%' Expression   (rule 21)

    '+' 	shift, and go to state 57
    '-' 	shift, and go to state 58
    '*' 	shift, and go to state 59
    '/' 	shift, and go to state 60
    '%' 	shift, and go to state 61

    $default	reduce using rule 9 (RelationalExpression)



state 78

    RelationalExpression  ->  Expression . GT Expression   (rule 9)
    RelationalExpression  ->  Expression . LT Expression   (rule 10)
    RelationalExpression  ->  Expression . GE Expression   (rule 11)
    RelationalExpression  ->  Expression . LE Expression   (rule 12)
    RelationalExpression  ->  Expression LE Expression .   (rule 12)
    RelationalExpression  ->  Expression . EQ Expression   (rule 13)
    RelationalExpression  ->  Expression . NE Expression   (rule 14)
    BooleanExpression  ->  Expression . AND Expression   (rule 15)
    BooleanExpression  ->  Expression . OR Expression   (rule 16)
    ArithmeticExpression  ->  Expression . '+' Expression   (rule 17)
    ArithmeticExpression  ->  Expression . '-' Expression   (rule 18)
    ArithmeticExpression  ->  Expression . '/' Expression   (rule 19)
    ArithmeticExpression  ->  Expression . '*' Expression   (rule 20)
    ArithmeticExpression  ->  Expression . '%' Expression   (rule 21)

    '+' 	shift, and go to state 57
    '-' 	shift, and go to state 58
    '*' 	shift, and go to state 59
    '/' 	shift, and go to state 60
    '%' 	shift, and go to state 61

    $default	reduce using rule 12 (RelationalExpression)



state 79

    RelationalExpression  ->  Expression . GT Expression   (rule 9)
    RelationalExpression  ->  Expression . LT Expression   (rule 10)
    RelationalExpression  ->  Expression . GE Expression   (rule 11)
    RelationalExpression  ->  Expression GE Expression .   (rule 11)
    RelationalExpression  ->  Expression . LE Expression   (rule 12)
    RelationalExpression  ->  Expression . EQ Expression   (rule 13)
    RelationalExpression  ->  Expression . NE Expression   (rule 14)
    BooleanExpression  ->  Expression . AND Expression   (rule 15)
    BooleanExpression  ->  Expression . OR Expression   (rule 16)
    ArithmeticExpression  ->  Expression . '+' Expression   (rule 17)
    ArithmeticExpression  ->  Expression . '-' Expression   (rule 18)
    ArithmeticExpression  ->  Expression . '/' Expression   (rule 19)
    ArithmeticExpression  ->  Expression . '*' Expression   (rule 20)
    ArithmeticExpression  ->  Expression . '%' Expression   (rule 21)

    '+' 	shift, and go to state 57
    '-' 	shift, and go to state 58
    '*' 	shift, and go to state 59
    '/' 	shift, and go to state 60
    '%' 	shift, and go to state 61

    $default	reduce using rule 11 (RelationalExpression)



state 80

    RelationalExpression  ->  Expression . GT Expression   (rule 9)
    RelationalExpression  ->  Expression . LT Expression   (rule 10)
    RelationalExpression  ->  Expression . GE Expression   (rule 11)
    RelationalExpression  ->  Expression . LE Expression   (rule 12)
    RelationalExpression  ->  Expression . EQ Expression   (rule 13)
    RelationalExpression  ->  Expression EQ Expression .   (rule 13)
    RelationalExpression  ->  Expression . NE Expression   (rule 14)
    BooleanExpression  ->  Expression . AND Expression   (rule 15)
    BooleanExpression  ->  Expression . OR Expression   (rule 16)
    ArithmeticExpression  ->  Expression . '+' Expression   (rule 17)
    ArithmeticExpression  ->  Expression . '-' Expression   (rule 18)
    ArithmeticExpression  ->  Expression . '/' Expression   (rule 19)
    ArithmeticExpression  ->  Expression . '*' Expression   (rule 20)
    ArithmeticExpression  ->  Expression . '%' Expression   (rule 21)

    LT  	shift, and go to state 51
    GT  	shift, and go to state 52
    LE  	shift, and go to state 53
    GE  	shift, and go to state 54
    '+' 	shift, and go to state 57
    '-' 	shift, and go to state 58
    '*' 	shift, and go to state 59
    '/' 	shift, and go to state 60
    '%' 	shift, and go to state 61

    $default	reduce using rule 13 (RelationalExpression)



state 81

    RelationalExpression  ->  Expression . GT Expression   (rule 9)
    RelationalExpression  ->  Expression . LT Expression   (rule 10)
    RelationalExpression  ->  Expression . GE Expression   (rule 11)
    RelationalExpression  ->  Expression . LE Expression   (rule 12)
    RelationalExpression  ->  Expression . EQ Expression   (rule 13)
    RelationalExpression  ->  Expression . NE Expression   (rule 14)
    RelationalExpression  ->  Expression NE Expression .   (rule 14)
    BooleanExpression  ->  Expression . AND Expression   (rule 15)
    BooleanExpression  ->  Expression . OR Expression   (rule 16)
    ArithmeticExpression  ->  Expression . '+' Expression   (rule 17)
    ArithmeticExpression  ->  Expression . '-' Expression   (rule 18)
    ArithmeticExpression  ->  Expression . '/' Expression   (rule 19)
    ArithmeticExpression  ->  Expression . '*' Expression   (rule 20)
    ArithmeticExpression  ->  Expression . '%' Expression   (rule 21)

    LT  	shift, and go to state 51
    GT  	shift, and go to state 52
    LE  	shift, and go to state 53
    GE  	shift, and go to state 54
    '+' 	shift, and go to state 57
    '-' 	shift, and go to state 58
    '*' 	shift, and go to state 59
    '/' 	shift, and go to state 60
    '%' 	shift, and go to state 61

    $default	reduce using rule 14 (RelationalExpression)



state 82

    RelationalExpression  ->  Expression . GT Expression   (rule 9)
    RelationalExpression  ->  Expression . LT Expression   (rule 10)
    RelationalExpression  ->  Expression . GE Expression   (rule 11)
    RelationalExpression  ->  Expression . LE Expression   (rule 12)
    RelationalExpression  ->  Expression . EQ Expression   (rule 13)
    RelationalExpression  ->  Expression . NE Expression   (rule 14)
    BooleanExpression  ->  Expression . AND Expression   (rule 15)
    BooleanExpression  ->  Expression . OR Expression   (rule 16)
    ArithmeticExpression  ->  Expression . '+' Expression   (rule 17)
    ArithmeticExpression  ->  Expression '+' Expression .   (rule 17)
    ArithmeticExpression  ->  Expression . '-' Expression   (rule 18)
    ArithmeticExpression  ->  Expression . '/' Expression   (rule 19)
    ArithmeticExpression  ->  Expression . '*' Expression   (rule 20)
    ArithmeticExpression  ->  Expression . '%' Expression   (rule 21)

    '*' 	shift, and go to state 59
    '/' 	shift, and go to state 60
    '%' 	shift, and go to state 61

    $default	reduce using rule 17 (ArithmeticExpression)



state 83

    RelationalExpression  ->  Expression . GT Expression   (rule 9)
    RelationalExpression  ->  Expression . LT Expression   (rule 10)
    RelationalExpression  ->  Expression . GE Expression   (rule 11)
    RelationalExpression  ->  Expression . LE Expression   (rule 12)
    RelationalExpression  ->  Expression . EQ Expression   (rule 13)
    RelationalExpression  ->  Expression . NE Expression   (rule 14)
    BooleanExpression  ->  Expression . AND Expression   (rule 15)
    BooleanExpression  ->  Expression . OR Expression   (rule 16)
    ArithmeticExpression  ->  Expression . '+' Expression   (rule 17)
    ArithmeticExpression  ->  Expression . '-' Expression   (rule 18)
    ArithmeticExpression  ->  Expression '-' Expression .   (rule 18)
    ArithmeticExpression  ->  Expression . '/' Expression   (rule 19)
    ArithmeticExpression  ->  Expression . '*' Expression   (rule 20)
    ArithmeticExpression  ->  Expression . '%' Expression   (rule 21)

    '*' 	shift, and go to state 59
    '/' 	shift, and go to state 60
    '%' 	shift, and go to state 61

    $default	reduce using rule 18 (ArithmeticExpression)



state 84

    RelationalExpression  ->  Expression . GT Expression   (rule 9)
    RelationalExpression  ->  Expression . LT Expression   (rule 10)
    RelationalExpression  ->  Expression . GE Expression   (rule 11)
    RelationalExpression  ->  Expression . LE Expression   (rule 12)
    RelationalExpression  ->  Expression . EQ Expression   (rule 13)
    RelationalExpression  ->  Expression . NE Expression   (rule 14)
    BooleanExpression  ->  Expression . AND Expression   (rule 15)
    BooleanExpression  ->  Expression . OR Expression   (rule 16)
    ArithmeticExpression  ->  Expression . '+' Expression   (rule 17)
    ArithmeticExpression  ->  Expression . '-' Expression   (rule 18)
    ArithmeticExpression  ->  Expression . '/' Expression   (rule 19)
    ArithmeticExpression  ->  Expression . '*' Expression   (rule 20)
    ArithmeticExpression  ->  Expression '*' Expression .   (rule 20)
    ArithmeticExpression  ->  Expression . '%' Expression   (rule 21)


    $default	reduce using rule 20 (ArithmeticExpression)



state 85

    RelationalExpression  ->  Expression . GT Expression   (rule 9)
    RelationalExpression  ->  Expression . LT Expression   (rule 10)
    RelationalExpression  ->  Expression . GE Expression   (rule 11)
    RelationalExpression  ->  Expression . LE Expression   (rule 12)
    RelationalExpression  ->  Expression . EQ Expression   (rule 13)
    RelationalExpression  ->  Expression . NE Expression   (rule 14)
    BooleanExpression  ->  Expression . AND Expression   (rule 15)
    BooleanExpression  ->  Expression . OR Expression   (rule 16)
    ArithmeticExpression  ->  Expression . '+' Expression   (rule 17)
    ArithmeticExpression  ->  Expression . '-' Expression   (rule 18)
    ArithmeticExpression  ->  Expression . '/' Expression   (rule 19)
    ArithmeticExpression  ->  Expression '/' Expression .   (rule 19)
    ArithmeticExpression  ->  Expression . '*' Expression   (rule 20)
    ArithmeticExpression  ->  Expression . '%' Expression   (rule 21)


    $default	reduce using rule 19 (ArithmeticExpression)



state 86

    RelationalExpression  ->  Expression . GT Expression   (rule 9)
    RelationalExpression  ->  Expression . LT Expression   (rule 10)
    RelationalExpression  ->  Expression . GE Expression   (rule 11)
    RelationalExpression  ->  Expression . LE Expression   (rule 12)
    RelationalExpression  ->  Expression . EQ Expression   (rule 13)
    RelationalExpression  ->  Expression . NE Expression   (rule 14)
    BooleanExpression  ->  Expression . AND Expression   (rule 15)
    BooleanExpression  ->  Expression . OR Expression   (rule 16)
    ArithmeticExpression  ->  Expression . '+' Expression   (rule 17)
    ArithmeticExpression  ->  Expression . '-' Expression   (rule 18)
    ArithmeticExpression  ->  Expression . '/' Expression   (rule 19)
    ArithmeticExpression  ->  Expression . '*' Expression   (rule 20)
    ArithmeticExpression  ->  Expression . '%' Expression   (rule 21)
    ArithmeticExpression  ->  Expression '%' Expression .   (rule 21)


    $default	reduce using rule 21 (ArithmeticExpression)



state 87

    Name  ->  Name FUNCRES IDENT .   (rule 40)

    $default	reduce using rule 40 (Name)



state 88

    RelationalExpression  ->  Expression . GT Expression   (rule 9)
    RelationalExpression  ->  Expression . LT Expression   (rule 10)
    RelationalExpression  ->  Expression . GE Expression   (rule 11)
    RelationalExpression  ->  Expression . LE Expression   (rule 12)
    RelationalExpression  ->  Expression . EQ Expression   (rule 13)
    RelationalExpression  ->  Expression . NE Expression   (rule 14)
    BooleanExpression  ->  Expression . AND Expression   (rule 15)
    BooleanExpression  ->  Expression . OR Expression   (rule 16)
    ArithmeticExpression  ->  Expression . '+' Expression   (rule 17)
    ArithmeticExpression  ->  Expression . '-' Expression   (rule 18)
    ArithmeticExpression  ->  Expression . '/' Expression   (rule 19)
    ArithmeticExpression  ->  Expression . '*' Expression   (rule 20)
    ArithmeticExpression  ->  Expression . '%' Expression   (rule 21)
    Assign  ->  LvalueForAssign '=' Expression .   (rule 45)

    AND 	shift, and go to state 49
    OR  	shift, and go to state 50
    LT  	shift, and go to state 51
    GT  	shift, and go to state 52
    LE  	shift, and go to state 53
    GE  	shift, and go to state 54
    EQ  	shift, and go to state 55
    NE  	shift, and go to state 56
    '+' 	shift, and go to state 57
    '-' 	shift, and go to state 58
    '*' 	shift, and go to state 59
    '/' 	shift, and go to state 60
    '%' 	shift, and go to state 61

    $default	reduce using rule 45 (Assign)



state 89

    RelationalExpression  ->  Expression . GT Expression   (rule 9)
    RelationalExpression  ->  Expression . LT Expression   (rule 10)
    RelationalExpression  ->  Expression . GE Expression   (rule 11)
    RelationalExpression  ->  Expression . LE Expression   (rule 12)
    RelationalExpression  ->  Expression . EQ Expression   (rule 13)
    RelationalExpression  ->  Expression . NE Expression   (rule 14)
    BooleanExpression  ->  Expression . AND Expression   (rule 15)
    BooleanExpression  ->  Expression . OR Expression   (rule 16)
    ArithmeticExpression  ->  Expression . '+' Expression   (rule 17)
    ArithmeticExpression  ->  Expression . '-' Expression   (rule 18)
    ArithmeticExpression  ->  Expression . '/' Expression   (rule 19)
    ArithmeticExpression  ->  Expression . '*' Expression   (rule 20)
    ArithmeticExpression  ->  Expression . '%' Expression   (rule 21)
    TableContent  ->  Table SINGLE_LEFT_SB Expression . SINGLE_RIGHT_SB   (rule 58)

    AND 	shift, and go to state 49
    OR  	shift, and go to state 50
    SINGLE_RIGHT_SB	shift, and go to state 99
    LT  	shift, and go to state 51
    GT  	shift, and go to state 52
    LE  	shift, and go to state 53
    GE  	shift, and go to state 54
    EQ  	shift, and go to state 55
    NE  	shift, and go to state 56
    '+' 	shift, and go to state 57
    '-' 	shift, and go to state 58
    '*' 	shift, and go to state 59
    '/' 	shift, and go to state 60
    '%' 	shift, and go to state 61



state 90

    DotIdent  ->  IDENT .   (rule 54)

    $default	reduce using rule 54 (DotIdent)



state 91

    TableContent  ->  Table DOT RESERVEDATTR .   (rule 60)

    $default	reduce using rule 60 (TableContent)



state 92

    DotIdent  ->  ATTRIBUTE .   (rule 55)

    $default	reduce using rule 55 (DotIdent)



state 93

    TableContent  ->  Table DOT DotIdent .   (rule 56)

    $default	reduce using rule 56 (TableContent)



state 94

    TableContent  ->  Table DOUBLE_DOT DotIdent .   (rule 57)

    $default	reduce using rule 57 (TableContent)



state 95

    RelationalExpression  ->  Expression . GT Expression   (rule 9)
    RelationalExpression  ->  Expression . LT Expression   (rule 10)
    RelationalExpression  ->  Expression . GE Expression   (rule 11)
    RelationalExpression  ->  Expression . LE Expression   (rule 12)
    RelationalExpression  ->  Expression . EQ Expression   (rule 13)
    RelationalExpression  ->  Expression . NE Expression   (rule 14)
    BooleanExpression  ->  Expression . AND Expression   (rule 15)
    BooleanExpression  ->  Expression . OR Expression   (rule 16)
    ArithmeticExpression  ->  Expression . '+' Expression   (rule 17)
    ArithmeticExpression  ->  Expression . '-' Expression   (rule 18)
    ArithmeticExpression  ->  Expression . '/' Expression   (rule 19)
    ArithmeticExpression  ->  Expression . '*' Expression   (rule 20)
    ArithmeticExpression  ->  Expression . '%' Expression   (rule 21)
    TableContent  ->  Table DOUBLE_LEFT_SB Expression . DOUBLE_RIGHT_SB   (rule 59)

    AND 	shift, and go to state 49
    OR  	shift, and go to state 50
    LT  	shift, and go to state 51
    GT  	shift, and go to state 52
    LE  	shift, and go to state 53
    GE  	shift, and go to state 54
    EQ  	shift, and go to state 55
    NE  	shift, and go to state 56
    DOUBLE_RIGHT_SB	shift, and go to state 100
    '+' 	shift, and go to state 57
    '-' 	shift, and go to state 58
    '*' 	shift, and go to state 59
    '/' 	shift, and go to state 60
    '%' 	shift, and go to state 61



state 96

    FunctionCall  ->  RESERVEDATTR '(' ExpressionList ')' .   (rule 28)

    $default	reduce using rule 28 (FunctionCall)



state 97

    ExpressionList  ->  ExpressionList ',' . Expression   (rule 27)

    IDENT	shift, and go to state 1
    RESERVEDATTR	shift, and go to state 2
    MONITOR	shift, and go to state 3
    ATTRIBUTE	shift, and go to state 4
    REAL_CONST	shift, and go to state 5
    INT_CONST	shift, and go to state 6
    HEXINT_CONST	shift, and go to state 7
    STRING_CONST	shift, and go to state 8
    STATIC	shift, and go to state 9
    NOT 	shift, and go to state 10
    TRUE	shift, and go to state 11
    FALSE	shift, and go to state 12
    FUNCRES	shift, and go to state 13
    FORMAL	shift, and go to state 15
    NIL 	shift, and go to state 17
    LOCAL	shift, and go to state 18
    '(' 	shift, and go to state 19
    LAMBDA	shift, and go to state 20
    '-' 	shift, and go to state 21

    Expression	go to state 101
    RelationalExpression	go to state 23
    BooleanExpression	go to state 24
    ArithmeticExpression	go to state 25
    Term	go to state 26
    FunctionCall	go to state 27
    Primary	go to state 28
    ConstValue	go to state 29
    Name	go to state 30
    LvalueForAssign	go to state 41
    Lvalue	go to state 33
    Table	go to state 34
    TableContent	go to state 35



state 98

    RelationalExpression  ->  Expression . GT Expression   (rule 9)
    RelationalExpression  ->  Expression . LT Expression   (rule 10)
    RelationalExpression  ->  Expression . GE Expression   (rule 11)
    RelationalExpression  ->  Expression . LE Expression   (rule 12)
    RelationalExpression  ->  Expression . EQ Expression   (rule 13)
    RelationalExpression  ->  Expression . NE Expression   (rule 14)
    BooleanExpression  ->  Expression . AND Expression   (rule 15)
    BooleanExpression  ->  Expression . OR Expression   (rule 16)
    ArithmeticExpression  ->  Expression . '+' Expression   (rule 17)
    ArithmeticExpression  ->  Expression . '-' Expression   (rule 18)
    ArithmeticExpression  ->  Expression . '/' Expression   (rule 19)
    ArithmeticExpression  ->  Expression . '*' Expression   (rule 20)
    ArithmeticExpression  ->  Expression . '%' Expression   (rule 21)
    NewMonitor  ->  NEW MONITOR '=' Expression .   (rule 61)

    AND 	shift, and go to state 49
    OR  	shift, and go to state 50
    LT  	shift, and go to state 51
    GT  	shift, and go to state 52
    LE  	shift, and go to state 53
    GE  	shift, and go to state 54
    EQ  	shift, and go to state 55
    NE  	shift, and go to state 56
    '+' 	shift, and go to state 57
    '-' 	shift, and go to state 58
    '*' 	shift, and go to state 59
    '/' 	shift, and go to state 60
    '%' 	shift, and go to state 61

    $default	reduce using rule 61 (NewMonitor)



state 99

    TableContent  ->  Table SINGLE_LEFT_SB Expression SINGLE_RIGHT_SB .   (rule 58)

    $default	reduce using rule 58 (TableContent)



state 100

    TableContent  ->  Table DOUBLE_LEFT_SB Expression DOUBLE_RIGHT_SB .   (rule 59)

    $default	reduce using rule 59 (TableContent)



state 101

    RelationalExpression  ->  Expression . GT Expression   (rule 9)
    RelationalExpression  ->  Expression . LT Expression   (rule 10)
    RelationalExpression  ->  Expression . GE Expression   (rule 11)
    RelationalExpression  ->  Expression . LE Expression   (rule 12)
    RelationalExpression  ->  Expression . EQ Expression   (rule 13)
    RelationalExpression  ->  Expression . NE Expression   (rule 14)
    BooleanExpression  ->  Expression . AND Expression   (rule 15)
    BooleanExpression  ->  Expression . OR Expression   (rule 16)
    ArithmeticExpression  ->  Expression . '+' Expression   (rule 17)
    ArithmeticExpression  ->  Expression . '-' Expression   (rule 18)
    ArithmeticExpression  ->  Expression . '/' Expression   (rule 19)
    ArithmeticExpression  ->  Expression . '*' Expression   (rule 20)
    ArithmeticExpression  ->  Expression . '%' Expression   (rule 21)
    ExpressionList  ->  ExpressionList ',' Expression .   (rule 27)

    AND 	shift, and go to state 49
    OR  	shift, and go to state 50
    LT  	shift, and go to state 51
    GT  	shift, and go to state 52
    LE  	shift, and go to state 53
    GE  	shift, and go to state 54
    EQ  	shift, and go to state 55
    NE  	shift, and go to state 56
    '+' 	shift, and go to state 57
    '-' 	shift, and go to state 58
    '*' 	shift, and go to state 59
    '/' 	shift, and go to state 60
    '%' 	shift, and go to state 61

    $default	reduce using rule 27 (ExpressionList)



state 102

    $   	go to state 103



state 103

    $   	go to state 104



state 104

    $default	accept
